{"/home/hallan/github/hallancosta/woovi-challanger-kyc/dev-dist/sw.js": {"path":"/home/hallan/github/hallancosta/woovi-challanger-kyc/dev-dist/sw.js","all":true,"statementMap":{"0":{"start":{"line":1,"column":0},"end":{"line":1,"column":3}},"1":{"start":{"line":2,"column":0},"end":{"line":2,"column":50}},"2":{"start":{"line":3,"column":0},"end":{"line":3,"column":66}},"3":{"start":{"line":4,"column":0},"end":{"line":4,"column":67}},"4":{"start":{"line":5,"column":0},"end":{"line":5,"column":42}},"5":{"start":{"line":6,"column":0},"end":{"line":6,"column":49}},"6":{"start":{"line":7,"column":0},"end":{"line":7,"column":70}},"7":{"start":{"line":8,"column":0},"end":{"line":8,"column":68}},"8":{"start":{"line":9,"column":0},"end":{"line":9,"column":75}},"9":{"start":{"line":10,"column":0},"end":{"line":10,"column":70}},"10":{"start":{"line":11,"column":0},"end":{"line":11,"column":33}},"11":{"start":{"line":12,"column":0},"end":{"line":12,"column":3}},"13":{"start":{"line":14,"column":0},"end":{"line":14,"column":46}},"14":{"start":{"line":15,"column":0},"end":{"line":15,"column":19}},"15":{"start":{"line":16,"column":0},"end":{"line":16,"column":20}},"17":{"start":{"line":18,"column":0},"end":{"line":18,"column":86}},"18":{"start":{"line":19,"column":0},"end":{"line":19,"column":90}},"19":{"start":{"line":20,"column":0},"end":{"line":20,"column":20}},"21":{"start":{"line":22,"column":0},"end":{"line":22,"column":45}},"22":{"start":{"line":23,"column":0},"end":{"line":23,"column":47}},"23":{"start":{"line":24,"column":0},"end":{"line":24,"column":29}},"24":{"start":{"line":25,"column":0},"end":{"line":25,"column":6}},"25":{"start":{"line":26,"column":0},"end":{"line":26,"column":32}},"26":{"start":{"line":27,"column":0},"end":{"line":27,"column":35}},"27":{"start":{"line":28,"column":0},"end":{"line":28,"column":60}},"28":{"start":{"line":29,"column":0},"end":{"line":29,"column":29}},"29":{"start":{"line":30,"column":0},"end":{"line":30,"column":36}},"30":{"start":{"line":31,"column":0},"end":{"line":31,"column":46}},"31":{"start":{"line":32,"column":0},"end":{"line":32,"column":18}},"32":{"start":{"line":33,"column":0},"end":{"line":33,"column":32}},"33":{"start":{"line":34,"column":0},"end":{"line":34,"column":31}},"34":{"start":{"line":35,"column":0},"end":{"line":35,"column":22}},"35":{"start":{"line":36,"column":0},"end":{"line":36,"column":11}},"36":{"start":{"line":37,"column":0},"end":{"line":37,"column":10}},"37":{"start":{"line":38,"column":0},"end":{"line":38,"column":6}},"38":{"start":{"line":39,"column":0},"end":{"line":39,"column":19}},"39":{"start":{"line":40,"column":0},"end":{"line":40,"column":36}},"40":{"start":{"line":41,"column":0},"end":{"line":41,"column":23}},"41":{"start":{"line":42,"column":0},"end":{"line":42,"column":70}},"42":{"start":{"line":43,"column":0},"end":{"line":43,"column":9}},"43":{"start":{"line":44,"column":0},"end":{"line":44,"column":23}},"44":{"start":{"line":45,"column":0},"end":{"line":45,"column":8}},"45":{"start":{"line":46,"column":0},"end":{"line":46,"column":6}},"46":{"start":{"line":47,"column":0},"end":{"line":47,"column":4}},"48":{"start":{"line":49,"column":0},"end":{"line":49,"column":41}},"49":{"start":{"line":50,"column":0},"end":{"line":50,"column":105}},"50":{"start":{"line":51,"column":0},"end":{"line":51,"column":24}},"51":{"start":{"line":52,"column":0},"end":{"line":52,"column":45}},"52":{"start":{"line":53,"column":0},"end":{"line":53,"column":13}},"53":{"start":{"line":54,"column":0},"end":{"line":54,"column":5}},"54":{"start":{"line":55,"column":0},"end":{"line":55,"column":21}},"55":{"start":{"line":56,"column":0},"end":{"line":56,"column":57}},"56":{"start":{"line":57,"column":0},"end":{"line":57,"column":25}},"57":{"start":{"line":58,"column":0},"end":{"line":58,"column":22}},"58":{"start":{"line":59,"column":0},"end":{"line":59,"column":14}},"59":{"start":{"line":60,"column":0},"end":{"line":60,"column":13}},"60":{"start":{"line":61,"column":0},"end":{"line":61,"column":6}},"61":{"start":{"line":62,"column":0},"end":{"line":62,"column":46}},"62":{"start":{"line":63,"column":0},"end":{"line":63,"column":57}},"63":{"start":{"line":64,"column":0},"end":{"line":64,"column":21}},"64":{"start":{"line":65,"column":0},"end":{"line":65,"column":23}},"65":{"start":{"line":66,"column":0},"end":{"line":66,"column":21}},"66":{"start":{"line":67,"column":0},"end":{"line":67,"column":7}},"67":{"start":{"line":68,"column":0},"end":{"line":68,"column":4}},"68":{"start":{"line":69,"column":0},"end":{"line":69,"column":1}},"69":{"start":{"line":70,"column":0},"end":{"line":70,"column":66}},"71":{"start":{"line":72,"column":0},"end":{"line":72,"column":21}},"72":{"start":{"line":73,"column":0},"end":{"line":73,"column":25}},"74":{"start":{"line":75,"column":0},"end":{"line":75,"column":5}},"75":{"start":{"line":76,"column":0},"end":{"line":76,"column":69}},"76":{"start":{"line":77,"column":0},"end":{"line":77,"column":39}},"77":{"start":{"line":78,"column":0},"end":{"line":78,"column":30}},"78":{"start":{"line":79,"column":0},"end":{"line":79,"column":5}},"79":{"start":{"line":80,"column":0},"end":{"line":80,"column":29}},"80":{"start":{"line":81,"column":0},"end":{"line":81,"column":24}},"81":{"start":{"line":82,"column":0},"end":{"line":82,"column":31}},"82":{"start":{"line":83,"column":0},"end":{"line":83,"column":10}},"83":{"start":{"line":84,"column":0},"end":{"line":84,"column":34}},"84":{"start":{"line":85,"column":0},"end":{"line":85,"column":100}},"85":{"start":{"line":86,"column":0},"end":{"line":86,"column":23}},"86":{"start":{"line":87,"column":0},"end":{"line":87,"column":6}},"88":{"start":{"line":89,"column":0},"end":{"line":89,"column":4}}},"s":{"0":0,"1":0,"2":0,"3":0,"4":0,"5":0,"6":0,"7":0,"8":0,"9":0,"10":0,"11":0,"13":0,"14":0,"15":0,"17":0,"18":0,"19":0,"21":0,"22":0,"23":0,"24":0,"25":0,"26":0,"27":0,"28":0,"29":0,"30":0,"31":0,"32":0,"33":0,"34":0,"35":0,"36":0,"37":0,"38":0,"39":0,"40":0,"41":0,"42":0,"43":0,"44":0,"45":0,"46":0,"48":0,"49":0,"50":0,"51":0,"52":0,"53":0,"54":0,"55":0,"56":0,"57":0,"58":0,"59":0,"60":0,"61":0,"62":0,"63":0,"64":0,"65":0,"66":0,"67":0,"68":0,"69":0,"71":0,"72":0,"74":0,"75":0,"76":0,"77":0,"78":0,"79":0,"80":0,"81":0,"82":0,"83":0,"84":0,"85":0,"86":0,"88":0},"branchMap":{"0":{"type":"branch","line":1,"loc":{"start":{"line":1,"column":0},"end":{"line":89,"column":2}},"locations":[{"start":{"line":1,"column":0},"end":{"line":89,"column":2}}]}},"b":{"0":[0]},"fnMap":{"0":{"name":"(empty-report)","decl":{"start":{"line":1,"column":0},"end":{"line":89,"column":2}},"loc":{"start":{"line":1,"column":0},"end":{"line":89,"column":2}},"line":1}},"f":{"0":0}}
,"/home/hallan/github/hallancosta/woovi-challanger-kyc/dev-dist/workbox-86c9b217.js": {"path":"/home/hallan/github/hallancosta/woovi-challanger-kyc/dev-dist/workbox-86c9b217.js","all":true,"statementMap":{"0":{"start":{"line":1,"column":0},"end":{"line":1,"column":55}},"2":{"start":{"line":3,"column":0},"end":{"line":3,"column":17}},"3":{"start":{"line":4,"column":0},"end":{"line":4,"column":9}},"4":{"start":{"line":5,"column":0},"end":{"line":5,"column":40}},"5":{"start":{"line":6,"column":0},"end":{"line":6,"column":18}},"7":{"start":{"line":8,"column":0},"end":{"line":8,"column":6}},"8":{"start":{"line":9,"column":0},"end":{"line":9,"column":31}},"10":{"start":{"line":11,"column":0},"end":{"line":11,"column":57}},"11":{"start":{"line":12,"column":0},"end":{"line":12,"column":57}},"12":{"start":{"line":13,"column":0},"end":{"line":13,"column":42}},"13":{"start":{"line":14,"column":0},"end":{"line":14,"column":6}},"14":{"start":{"line":15,"column":0},"end":{"line":15,"column":7}},"15":{"start":{"line":16,"column":0},"end":{"line":16,"column":68}},"16":{"start":{"line":17,"column":0},"end":{"line":17,"column":81}},"17":{"start":{"line":18,"column":0},"end":{"line":18,"column":6}},"18":{"start":{"line":19,"column":0},"end":{"line":19,"column":29}},"19":{"start":{"line":20,"column":0},"end":{"line":20,"column":7}},"20":{"start":{"line":21,"column":0},"end":{"line":21,"column":29}},"21":{"start":{"line":22,"column":0},"end":{"line":22,"column":68}},"22":{"start":{"line":23,"column":0},"end":{"line":23,"column":5}},"24":{"start":{"line":25,"column":0},"end":{"line":25,"column":6}},"25":{"start":{"line":26,"column":0},"end":{"line":26,"column":31}},"26":{"start":{"line":27,"column":0},"end":{"line":27,"column":57}},"27":{"start":{"line":28,"column":0},"end":{"line":28,"column":57}},"28":{"start":{"line":29,"column":0},"end":{"line":29,"column":42}},"29":{"start":{"line":30,"column":0},"end":{"line":30,"column":6}},"30":{"start":{"line":31,"column":0},"end":{"line":31,"column":27}},"31":{"start":{"line":32,"column":0},"end":{"line":32,"column":56}},"32":{"start":{"line":33,"column":0},"end":{"line":33,"column":85}},"33":{"start":{"line":34,"column":0},"end":{"line":34,"column":53}},"34":{"start":{"line":35,"column":0},"end":{"line":35,"column":43}},"35":{"start":{"line":36,"column":0},"end":{"line":36,"column":7}},"36":{"start":{"line":37,"column":0},"end":{"line":37,"column":26}},"37":{"start":{"line":38,"column":0},"end":{"line":38,"column":32}},"38":{"start":{"line":39,"column":0},"end":{"line":39,"column":25}},"39":{"start":{"line":40,"column":0},"end":{"line":40,"column":23}},"40":{"start":{"line":41,"column":0},"end":{"line":41,"column":24}},"41":{"start":{"line":42,"column":0},"end":{"line":42,"column":25}},"42":{"start":{"line":43,"column":0},"end":{"line":43,"column":34}},"43":{"start":{"line":44,"column":0},"end":{"line":44,"column":55}},"44":{"start":{"line":45,"column":0},"end":{"line":45,"column":8}},"45":{"start":{"line":46,"column":0},"end":{"line":46,"column":45}},"46":{"start":{"line":47,"column":0},"end":{"line":47,"column":41}},"47":{"start":{"line":48,"column":0},"end":{"line":48,"column":17}},"48":{"start":{"line":49,"column":0},"end":{"line":49,"column":9}},"49":{"start":{"line":50,"column":0},"end":{"line":50,"column":42}},"50":{"start":{"line":51,"column":0},"end":{"line":51,"column":73}},"51":{"start":{"line":52,"column":0},"end":{"line":52,"column":59}},"52":{"start":{"line":53,"column":0},"end":{"line":53,"column":75}},"53":{"start":{"line":54,"column":0},"end":{"line":54,"column":37}},"54":{"start":{"line":55,"column":0},"end":{"line":55,"column":19}},"55":{"start":{"line":56,"column":0},"end":{"line":56,"column":11}},"56":{"start":{"line":57,"column":0},"end":{"line":57,"column":9}},"57":{"start":{"line":58,"column":0},"end":{"line":58,"column":150}},"58":{"start":{"line":59,"column":0},"end":{"line":59,"column":64}},"59":{"start":{"line":60,"column":0},"end":{"line":60,"column":73}},"60":{"start":{"line":61,"column":0},"end":{"line":61,"column":47}},"61":{"start":{"line":62,"column":0},"end":{"line":62,"column":42}},"62":{"start":{"line":63,"column":0},"end":{"line":63,"column":25}},"63":{"start":{"line":64,"column":0},"end":{"line":64,"column":9}},"64":{"start":{"line":65,"column":0},"end":{"line":65,"column":36}},"65":{"start":{"line":66,"column":0},"end":{"line":66,"column":26}},"66":{"start":{"line":67,"column":0},"end":{"line":67,"column":9}},"67":{"start":{"line":68,"column":0},"end":{"line":68,"column":8}},"68":{"start":{"line":69,"column":0},"end":{"line":69,"column":62}},"69":{"start":{"line":70,"column":0},"end":{"line":70,"column":21}},"70":{"start":{"line":71,"column":0},"end":{"line":71,"column":58}},"71":{"start":{"line":72,"column":0},"end":{"line":72,"column":40}},"72":{"start":{"line":73,"column":0},"end":{"line":73,"column":27}},"73":{"start":{"line":74,"column":0},"end":{"line":74,"column":36}},"74":{"start":{"line":75,"column":0},"end":{"line":75,"column":30}},"75":{"start":{"line":76,"column":0},"end":{"line":76,"column":10}},"76":{"start":{"line":77,"column":0},"end":{"line":77,"column":7}},"77":{"start":{"line":78,"column":0},"end":{"line":78,"column":17}},"78":{"start":{"line":79,"column":0},"end":{"line":79,"column":9}},"80":{"start":{"line":81,"column":0},"end":{"line":81,"column":6}},"81":{"start":{"line":82,"column":0},"end":{"line":82,"column":31}},"83":{"start":{"line":84,"column":0},"end":{"line":84,"column":57}},"84":{"start":{"line":85,"column":0},"end":{"line":85,"column":57}},"85":{"start":{"line":86,"column":0},"end":{"line":86,"column":42}},"86":{"start":{"line":87,"column":0},"end":{"line":87,"column":6}},"87":{"start":{"line":88,"column":0},"end":{"line":88,"column":22}},"88":{"start":{"line":89,"column":0},"end":{"line":89,"column":25}},"89":{"start":{"line":90,"column":0},"end":{"line":90,"column":18}},"90":{"start":{"line":91,"column":0},"end":{"line":91,"column":30}},"91":{"start":{"line":92,"column":0},"end":{"line":92,"column":13}},"92":{"start":{"line":93,"column":0},"end":{"line":93,"column":13}},"93":{"start":{"line":94,"column":0},"end":{"line":94,"column":51}},"94":{"start":{"line":95,"column":0},"end":{"line":95,"column":72}},"95":{"start":{"line":96,"column":0},"end":{"line":96,"column":9}},"96":{"start":{"line":97,"column":0},"end":{"line":97,"column":171}},"97":{"start":{"line":98,"column":0},"end":{"line":98,"column":8}},"98":{"start":{"line":99,"column":0},"end":{"line":99,"column":24}},"99":{"start":{"line":100,"column":0},"end":{"line":100,"column":19}},"100":{"start":{"line":101,"column":0},"end":{"line":101,"column":18}},"101":{"start":{"line":102,"column":0},"end":{"line":102,"column":17}},"102":{"start":{"line":103,"column":0},"end":{"line":103,"column":17}},"103":{"start":{"line":104,"column":0},"end":{"line":104,"column":13}},"104":{"start":{"line":105,"column":0},"end":{"line":105,"column":67}},"105":{"start":{"line":106,"column":0},"end":{"line":106,"column":71}},"106":{"start":{"line":107,"column":0},"end":{"line":107,"column":9}},"107":{"start":{"line":108,"column":0},"end":{"line":108,"column":124}},"108":{"start":{"line":109,"column":0},"end":{"line":109,"column":8}},"109":{"start":{"line":110,"column":0},"end":{"line":110,"column":26}},"110":{"start":{"line":111,"column":0},"end":{"line":111,"column":21}},"111":{"start":{"line":112,"column":0},"end":{"line":112,"column":18}},"112":{"start":{"line":113,"column":0},"end":{"line":113,"column":19}},"113":{"start":{"line":114,"column":0},"end":{"line":114,"column":18}},"114":{"start":{"line":115,"column":0},"end":{"line":115,"column":16}},"115":{"start":{"line":116,"column":0},"end":{"line":116,"column":13}},"116":{"start":{"line":117,"column":0},"end":{"line":117,"column":70}},"117":{"start":{"line":118,"column":0},"end":{"line":118,"column":73}},"118":{"start":{"line":119,"column":0},"end":{"line":119,"column":9}},"119":{"start":{"line":120,"column":0},"end":{"line":120,"column":62}},"120":{"start":{"line":121,"column":0},"end":{"line":121,"column":146}},"121":{"start":{"line":122,"column":0},"end":{"line":122,"column":8}},"122":{"start":{"line":123,"column":0},"end":{"line":123,"column":27}},"123":{"start":{"line":124,"column":0},"end":{"line":124,"column":26}},"124":{"start":{"line":125,"column":0},"end":{"line":125,"column":18}},"125":{"start":{"line":126,"column":0},"end":{"line":126,"column":19}},"126":{"start":{"line":127,"column":0},"end":{"line":127,"column":18}},"127":{"start":{"line":128,"column":0},"end":{"line":128,"column":17}},"128":{"start":{"line":129,"column":0},"end":{"line":129,"column":28}},"129":{"start":{"line":130,"column":0},"end":{"line":130,"column":13}},"130":{"start":{"line":131,"column":0},"end":{"line":131,"column":61}},"131":{"start":{"line":132,"column":0},"end":{"line":132,"column":74}},"132":{"start":{"line":133,"column":0},"end":{"line":133,"column":9}},"133":{"start":{"line":134,"column":0},"end":{"line":134,"column":62}},"134":{"start":{"line":135,"column":0},"end":{"line":135,"column":35}},"135":{"start":{"line":136,"column":0},"end":{"line":136,"column":147}},"136":{"start":{"line":137,"column":0},"end":{"line":137,"column":9}},"137":{"start":{"line":138,"column":0},"end":{"line":138,"column":164}},"138":{"start":{"line":139,"column":0},"end":{"line":139,"column":8}},"139":{"start":{"line":140,"column":0},"end":{"line":140,"column":28}},"140":{"start":{"line":141,"column":0},"end":{"line":141,"column":23}},"141":{"start":{"line":142,"column":0},"end":{"line":142,"column":18}},"142":{"start":{"line":143,"column":0},"end":{"line":143,"column":19}},"143":{"start":{"line":144,"column":0},"end":{"line":144,"column":18}},"144":{"start":{"line":145,"column":0},"end":{"line":145,"column":16}},"145":{"start":{"line":146,"column":0},"end":{"line":146,"column":13}},"146":{"start":{"line":147,"column":0},"end":{"line":147,"column":86}},"147":{"start":{"line":148,"column":0},"end":{"line":148,"column":75}},"148":{"start":{"line":149,"column":0},"end":{"line":149,"column":9}},"149":{"start":{"line":150,"column":0},"end":{"line":150,"column":141}},"150":{"start":{"line":151,"column":0},"end":{"line":151,"column":8}},"151":{"start":{"line":152,"column":0},"end":{"line":152,"column":45}},"152":{"start":{"line":153,"column":0},"end":{"line":153,"column":13}},"153":{"start":{"line":154,"column":0},"end":{"line":154,"column":13}},"154":{"start":{"line":155,"column":0},"end":{"line":155,"column":295}},"155":{"start":{"line":156,"column":0},"end":{"line":156,"column":8}},"156":{"start":{"line":157,"column":0},"end":{"line":157,"column":49}},"157":{"start":{"line":158,"column":0},"end":{"line":158,"column":19}},"158":{"start":{"line":159,"column":0},"end":{"line":159,"column":19}},"159":{"start":{"line":160,"column":0},"end":{"line":160,"column":13}},"160":{"start":{"line":161,"column":0},"end":{"line":161,"column":42}},"161":{"start":{"line":162,"column":0},"end":{"line":162,"column":99}},"162":{"start":{"line":163,"column":0},"end":{"line":163,"column":9}},"163":{"start":{"line":164,"column":0},"end":{"line":164,"column":275}},"164":{"start":{"line":165,"column":0},"end":{"line":165,"column":8}},"165":{"start":{"line":166,"column":0},"end":{"line":166,"column":43}},"166":{"start":{"line":167,"column":0},"end":{"line":167,"column":26}},"167":{"start":{"line":168,"column":0},"end":{"line":168,"column":13}},"168":{"start":{"line":169,"column":0},"end":{"line":169,"column":34}},"169":{"start":{"line":170,"column":0},"end":{"line":170,"column":96}},"170":{"start":{"line":171,"column":0},"end":{"line":171,"column":9}},"171":{"start":{"line":172,"column":0},"end":{"line":172,"column":139}},"172":{"start":{"line":173,"column":0},"end":{"line":173,"column":8}},"173":{"start":{"line":174,"column":0},"end":{"line":174,"column":30}},"174":{"start":{"line":175,"column":0},"end":{"line":175,"column":20}},"175":{"start":{"line":176,"column":0},"end":{"line":176,"column":13}},"176":{"start":{"line":177,"column":0},"end":{"line":177,"column":13}},"177":{"start":{"line":178,"column":0},"end":{"line":178,"column":27}},"178":{"start":{"line":179,"column":0},"end":{"line":179,"column":85}},"179":{"start":{"line":180,"column":0},"end":{"line":180,"column":9}},"180":{"start":{"line":181,"column":0},"end":{"line":181,"column":178}},"181":{"start":{"line":182,"column":0},"end":{"line":182,"column":8}},"182":{"start":{"line":183,"column":0},"end":{"line":183,"column":54}},"183":{"start":{"line":184,"column":0},"end":{"line":184,"column":14}},"184":{"start":{"line":185,"column":0},"end":{"line":185,"column":13}},"185":{"start":{"line":186,"column":0},"end":{"line":186,"column":22}},"186":{"start":{"line":187,"column":0},"end":{"line":187,"column":106}},"187":{"start":{"line":188,"column":0},"end":{"line":188,"column":9}},"188":{"start":{"line":189,"column":0},"end":{"line":189,"column":124}},"189":{"start":{"line":190,"column":0},"end":{"line":190,"column":8}},"190":{"start":{"line":191,"column":0},"end":{"line":191,"column":54}},"191":{"start":{"line":192,"column":0},"end":{"line":192,"column":91}},"192":{"start":{"line":193,"column":0},"end":{"line":193,"column":8}},"193":{"start":{"line":194,"column":0},"end":{"line":194,"column":31}},"194":{"start":{"line":195,"column":0},"end":{"line":195,"column":12}},"195":{"start":{"line":196,"column":0},"end":{"line":196,"column":13}},"196":{"start":{"line":197,"column":0},"end":{"line":197,"column":71}},"197":{"start":{"line":198,"column":0},"end":{"line":198,"column":8}},"198":{"start":{"line":199,"column":0},"end":{"line":199,"column":32}},"199":{"start":{"line":200,"column":0},"end":{"line":200,"column":12}},"200":{"start":{"line":201,"column":0},"end":{"line":201,"column":13}},"201":{"start":{"line":202,"column":0},"end":{"line":202,"column":136}},"202":{"start":{"line":203,"column":0},"end":{"line":203,"column":8}},"203":{"start":{"line":204,"column":0},"end":{"line":204,"column":40}},"204":{"start":{"line":205,"column":0},"end":{"line":205,"column":19}},"205":{"start":{"line":206,"column":0},"end":{"line":206,"column":17}},"206":{"start":{"line":207,"column":0},"end":{"line":207,"column":13}},"207":{"start":{"line":208,"column":0},"end":{"line":208,"column":120}},"208":{"start":{"line":209,"column":0},"end":{"line":209,"column":8}},"209":{"start":{"line":210,"column":0},"end":{"line":210,"column":34}},"210":{"start":{"line":211,"column":0},"end":{"line":211,"column":19}},"211":{"start":{"line":212,"column":0},"end":{"line":212,"column":18}},"212":{"start":{"line":213,"column":0},"end":{"line":213,"column":17}},"213":{"start":{"line":214,"column":0},"end":{"line":214,"column":17}},"214":{"start":{"line":215,"column":0},"end":{"line":215,"column":13}},"215":{"start":{"line":216,"column":0},"end":{"line":216,"column":178}},"216":{"start":{"line":217,"column":0},"end":{"line":217,"column":8}},"217":{"start":{"line":218,"column":0},"end":{"line":218,"column":30}},"218":{"start":{"line":219,"column":0},"end":{"line":219,"column":14}},"219":{"start":{"line":220,"column":0},"end":{"line":220,"column":22}},"220":{"start":{"line":221,"column":0},"end":{"line":221,"column":19}},"221":{"start":{"line":222,"column":0},"end":{"line":222,"column":18}},"222":{"start":{"line":223,"column":0},"end":{"line":223,"column":17}},"223":{"start":{"line":224,"column":0},"end":{"line":224,"column":17}},"224":{"start":{"line":225,"column":0},"end":{"line":225,"column":13}},"225":{"start":{"line":226,"column":0},"end":{"line":226,"column":240}},"226":{"start":{"line":227,"column":0},"end":{"line":227,"column":8}},"227":{"start":{"line":228,"column":0},"end":{"line":228,"column":39}},"228":{"start":{"line":229,"column":0},"end":{"line":229,"column":19}},"229":{"start":{"line":230,"column":0},"end":{"line":230,"column":18}},"230":{"start":{"line":231,"column":0},"end":{"line":231,"column":16}},"231":{"start":{"line":232,"column":0},"end":{"line":232,"column":13}},"232":{"start":{"line":233,"column":0},"end":{"line":233,"column":128}},"233":{"start":{"line":234,"column":0},"end":{"line":234,"column":8}},"234":{"start":{"line":235,"column":0},"end":{"line":235,"column":40}},"235":{"start":{"line":236,"column":0},"end":{"line":236,"column":19}},"236":{"start":{"line":237,"column":0},"end":{"line":237,"column":18}},"237":{"start":{"line":238,"column":0},"end":{"line":238,"column":16}},"238":{"start":{"line":239,"column":0},"end":{"line":239,"column":13}},"239":{"start":{"line":240,"column":0},"end":{"line":240,"column":120}},"240":{"start":{"line":241,"column":0},"end":{"line":241,"column":8}},"241":{"start":{"line":242,"column":0},"end":{"line":242,"column":26}},"242":{"start":{"line":243,"column":0},"end":{"line":243,"column":19}},"243":{"start":{"line":244,"column":0},"end":{"line":244,"column":17}},"244":{"start":{"line":245,"column":0},"end":{"line":245,"column":17}},"245":{"start":{"line":246,"column":0},"end":{"line":246,"column":13}},"246":{"start":{"line":247,"column":0},"end":{"line":247,"column":53}},"247":{"start":{"line":248,"column":0},"end":{"line":248,"column":73}},"248":{"start":{"line":249,"column":0},"end":{"line":249,"column":9}},"249":{"start":{"line":250,"column":0},"end":{"line":250,"column":232}},"250":{"start":{"line":251,"column":0},"end":{"line":251,"column":8}},"251":{"start":{"line":252,"column":0},"end":{"line":252,"column":38}},"252":{"start":{"line":253,"column":0},"end":{"line":253,"column":99}},"253":{"start":{"line":254,"column":0},"end":{"line":254,"column":8}},"254":{"start":{"line":255,"column":0},"end":{"line":255,"column":48}},"255":{"start":{"line":256,"column":0},"end":{"line":256,"column":129}},"256":{"start":{"line":257,"column":0},"end":{"line":257,"column":8}},"257":{"start":{"line":258,"column":0},"end":{"line":258,"column":42}},"258":{"start":{"line":259,"column":0},"end":{"line":259,"column":128}},"259":{"start":{"line":260,"column":0},"end":{"line":260,"column":8}},"260":{"start":{"line":261,"column":0},"end":{"line":261,"column":30}},"261":{"start":{"line":262,"column":0},"end":{"line":262,"column":29}},"262":{"start":{"line":263,"column":0},"end":{"line":263,"column":13}},"263":{"start":{"line":264,"column":0},"end":{"line":264,"column":37}},"264":{"start":{"line":265,"column":0},"end":{"line":265,"column":77}},"265":{"start":{"line":266,"column":0},"end":{"line":266,"column":9}},"266":{"start":{"line":267,"column":0},"end":{"line":267,"column":142}},"267":{"start":{"line":268,"column":0},"end":{"line":268,"column":8}},"268":{"start":{"line":269,"column":0},"end":{"line":269,"column":29}},"269":{"start":{"line":270,"column":0},"end":{"line":270,"column":29}},"270":{"start":{"line":271,"column":0},"end":{"line":271,"column":13}},"271":{"start":{"line":272,"column":0},"end":{"line":272,"column":37}},"272":{"start":{"line":273,"column":0},"end":{"line":273,"column":76}},"273":{"start":{"line":274,"column":0},"end":{"line":274,"column":9}},"274":{"start":{"line":275,"column":0},"end":{"line":275,"column":177}},"275":{"start":{"line":276,"column":0},"end":{"line":276,"column":8}},"276":{"start":{"line":277,"column":0},"end":{"line":277,"column":32}},"277":{"start":{"line":278,"column":0},"end":{"line":278,"column":29}},"278":{"start":{"line":279,"column":0},"end":{"line":279,"column":13}},"279":{"start":{"line":280,"column":0},"end":{"line":280,"column":37}},"280":{"start":{"line":281,"column":0},"end":{"line":281,"column":79}},"281":{"start":{"line":282,"column":0},"end":{"line":282,"column":9}},"282":{"start":{"line":283,"column":0},"end":{"line":283,"column":179}},"283":{"start":{"line":284,"column":0},"end":{"line":284,"column":8}},"284":{"start":{"line":285,"column":0},"end":{"line":285,"column":32}},"285":{"start":{"line":286,"column":0},"end":{"line":286,"column":68}},"286":{"start":{"line":287,"column":0},"end":{"line":287,"column":8}},"287":{"start":{"line":288,"column":0},"end":{"line":288,"column":33}},"288":{"start":{"line":289,"column":0},"end":{"line":289,"column":13}},"289":{"start":{"line":290,"column":0},"end":{"line":290,"column":14}},"290":{"start":{"line":291,"column":0},"end":{"line":291,"column":11}},"291":{"start":{"line":292,"column":0},"end":{"line":292,"column":13}},"292":{"start":{"line":293,"column":0},"end":{"line":293,"column":148}},"293":{"start":{"line":294,"column":0},"end":{"line":294,"column":8}},"294":{"start":{"line":295,"column":0},"end":{"line":295,"column":44}},"295":{"start":{"line":296,"column":0},"end":{"line":296,"column":12}},"296":{"start":{"line":297,"column":0},"end":{"line":297,"column":14}},"297":{"start":{"line":298,"column":0},"end":{"line":298,"column":13}},"298":{"start":{"line":299,"column":0},"end":{"line":299,"column":122}},"299":{"start":{"line":300,"column":0},"end":{"line":300,"column":8}},"300":{"start":{"line":301,"column":0},"end":{"line":301,"column":38}},"301":{"start":{"line":302,"column":0},"end":{"line":302,"column":11}},"302":{"start":{"line":303,"column":0},"end":{"line":303,"column":13}},"303":{"start":{"line":304,"column":0},"end":{"line":304,"column":95}},"304":{"start":{"line":305,"column":0},"end":{"line":305,"column":8}},"305":{"start":{"line":306,"column":0},"end":{"line":306,"column":23}},"306":{"start":{"line":307,"column":0},"end":{"line":307,"column":12}},"307":{"start":{"line":308,"column":0},"end":{"line":308,"column":13}},"308":{"start":{"line":309,"column":0},"end":{"line":309,"column":13}},"309":{"start":{"line":310,"column":0},"end":{"line":310,"column":81}},"310":{"start":{"line":311,"column":0},"end":{"line":311,"column":20}},"311":{"start":{"line":312,"column":0},"end":{"line":312,"column":58}},"312":{"start":{"line":313,"column":0},"end":{"line":313,"column":9}},"313":{"start":{"line":314,"column":0},"end":{"line":314,"column":23}},"314":{"start":{"line":315,"column":0},"end":{"line":315,"column":8}},"315":{"start":{"line":316,"column":0},"end":{"line":316,"column":35}},"316":{"start":{"line":317,"column":0},"end":{"line":317,"column":12}},"317":{"start":{"line":318,"column":0},"end":{"line":318,"column":14}},"318":{"start":{"line":319,"column":0},"end":{"line":319,"column":13}},"319":{"start":{"line":320,"column":0},"end":{"line":320,"column":116}},"320":{"start":{"line":321,"column":0},"end":{"line":321,"column":8}},"321":{"start":{"line":322,"column":0},"end":{"line":322,"column":29}},"322":{"start":{"line":323,"column":0},"end":{"line":323,"column":11}},"323":{"start":{"line":324,"column":0},"end":{"line":324,"column":13}},"324":{"start":{"line":325,"column":0},"end":{"line":325,"column":147}},"325":{"start":{"line":326,"column":0},"end":{"line":326,"column":8}},"326":{"start":{"line":327,"column":0},"end":{"line":327,"column":53}},"327":{"start":{"line":328,"column":0},"end":{"line":328,"column":11}},"328":{"start":{"line":329,"column":0},"end":{"line":329,"column":13}},"329":{"start":{"line":330,"column":0},"end":{"line":330,"column":192}},"330":{"start":{"line":331,"column":0},"end":{"line":331,"column":8}},"331":{"start":{"line":332,"column":0},"end":{"line":332,"column":34}},"332":{"start":{"line":333,"column":0},"end":{"line":333,"column":18}},"333":{"start":{"line":334,"column":0},"end":{"line":334,"column":11}},"334":{"start":{"line":335,"column":0},"end":{"line":335,"column":13}},"335":{"start":{"line":336,"column":0},"end":{"line":336,"column":81}},"336":{"start":{"line":337,"column":0},"end":{"line":337,"column":8}},"337":{"start":{"line":338,"column":0},"end":{"line":338,"column":38}},"338":{"start":{"line":339,"column":0},"end":{"line":339,"column":14}},"339":{"start":{"line":340,"column":0},"end":{"line":340,"column":13}},"340":{"start":{"line":341,"column":0},"end":{"line":341,"column":143}},"341":{"start":{"line":342,"column":0},"end":{"line":342,"column":8}},"342":{"start":{"line":343,"column":0},"end":{"line":343,"column":33}},"343":{"start":{"line":344,"column":0},"end":{"line":344,"column":12}},"344":{"start":{"line":345,"column":0},"end":{"line":345,"column":13}},"345":{"start":{"line":346,"column":0},"end":{"line":346,"column":101}},"346":{"start":{"line":347,"column":0},"end":{"line":347,"column":40}},"347":{"start":{"line":348,"column":0},"end":{"line":348,"column":114}},"348":{"start":{"line":349,"column":0},"end":{"line":349,"column":9}},"349":{"start":{"line":350,"column":0},"end":{"line":350,"column":73}},"350":{"start":{"line":351,"column":0},"end":{"line":351,"column":7}},"351":{"start":{"line":352,"column":0},"end":{"line":352,"column":6}},"353":{"start":{"line":354,"column":0},"end":{"line":354,"column":6}},"354":{"start":{"line":355,"column":0},"end":{"line":355,"column":31}},"356":{"start":{"line":357,"column":0},"end":{"line":357,"column":57}},"357":{"start":{"line":358,"column":0},"end":{"line":358,"column":57}},"358":{"start":{"line":359,"column":0},"end":{"line":359,"column":42}},"359":{"start":{"line":360,"column":0},"end":{"line":360,"column":6}},"360":{"start":{"line":361,"column":0},"end":{"line":361,"column":55}},"361":{"start":{"line":362,"column":0},"end":{"line":362,"column":37}},"362":{"start":{"line":363,"column":0},"end":{"line":363,"column":21}},"363":{"start":{"line":364,"column":0},"end":{"line":364,"column":70}},"364":{"start":{"line":365,"column":0},"end":{"line":365,"column":7}},"365":{"start":{"line":366,"column":0},"end":{"line":366,"column":30}},"366":{"start":{"line":367,"column":0},"end":{"line":367,"column":6}},"367":{"start":{"line":368,"column":0},"end":{"line":368,"column":47}},"369":{"start":{"line":370,"column":0},"end":{"line":370,"column":6}},"370":{"start":{"line":371,"column":0},"end":{"line":371,"column":31}},"372":{"start":{"line":373,"column":0},"end":{"line":373,"column":57}},"373":{"start":{"line":374,"column":0},"end":{"line":374,"column":57}},"374":{"start":{"line":375,"column":0},"end":{"line":375,"column":42}},"375":{"start":{"line":376,"column":0},"end":{"line":376,"column":6}},"376":{"start":{"line":377,"column":0},"end":{"line":377,"column":7}},"377":{"start":{"line":378,"column":0},"end":{"line":378,"column":55}},"378":{"start":{"line":379,"column":0},"end":{"line":379,"column":58}},"379":{"start":{"line":380,"column":0},"end":{"line":380,"column":52}},"380":{"start":{"line":381,"column":0},"end":{"line":381,"column":46}},"381":{"start":{"line":382,"column":0},"end":{"line":382,"column":26}},"382":{"start":{"line":383,"column":0},"end":{"line":383,"column":6}},"383":{"start":{"line":384,"column":0},"end":{"line":384,"column":15}},"384":{"start":{"line":385,"column":0},"end":{"line":385,"column":7}},"385":{"start":{"line":386,"column":0},"end":{"line":386,"column":38}},"386":{"start":{"line":387,"column":0},"end":{"line":387,"column":9}},"387":{"start":{"line":388,"column":0},"end":{"line":388,"column":8}},"388":{"start":{"line":389,"column":0},"end":{"line":389,"column":54}},"389":{"start":{"line":390,"column":0},"end":{"line":390,"column":42}},"390":{"start":{"line":391,"column":0},"end":{"line":391,"column":56}},"391":{"start":{"line":392,"column":0},"end":{"line":392,"column":57}},"392":{"start":{"line":393,"column":0},"end":{"line":393,"column":49}},"393":{"start":{"line":394,"column":0},"end":{"line":394,"column":9}},"394":{"start":{"line":395,"column":0},"end":{"line":395,"column":39}},"395":{"start":{"line":396,"column":0},"end":{"line":396,"column":61}},"396":{"start":{"line":397,"column":0},"end":{"line":397,"column":23}},"397":{"start":{"line":398,"column":0},"end":{"line":398,"column":30}},"398":{"start":{"line":399,"column":0},"end":{"line":399,"column":31}},"399":{"start":{"line":400,"column":0},"end":{"line":400,"column":7}},"400":{"start":{"line":401,"column":0},"end":{"line":401,"column":5}},"402":{"start":{"line":403,"column":0},"end":{"line":403,"column":6}},"403":{"start":{"line":404,"column":0},"end":{"line":404,"column":31}},"405":{"start":{"line":406,"column":0},"end":{"line":406,"column":57}},"406":{"start":{"line":407,"column":0},"end":{"line":407,"column":57}},"407":{"start":{"line":408,"column":0},"end":{"line":408,"column":42}},"408":{"start":{"line":409,"column":0},"end":{"line":409,"column":6}},"409":{"start":{"line":410,"column":0},"end":{"line":410,"column":6}},"410":{"start":{"line":411,"column":0},"end":{"line":411,"column":64}},"411":{"start":{"line":412,"column":0},"end":{"line":412,"column":82}},"412":{"start":{"line":413,"column":0},"end":{"line":413,"column":70}},"413":{"start":{"line":414,"column":0},"end":{"line":414,"column":14}},"414":{"start":{"line":415,"column":0},"end":{"line":415,"column":7}},"415":{"start":{"line":416,"column":0},"end":{"line":416,"column":41}},"416":{"start":{"line":417,"column":0},"end":{"line":417,"column":34}},"417":{"start":{"line":418,"column":0},"end":{"line":418,"column":56}},"418":{"start":{"line":419,"column":0},"end":{"line":419,"column":7}},"419":{"start":{"line":420,"column":0},"end":{"line":420,"column":6}},"420":{"start":{"line":421,"column":0},"end":{"line":421,"column":60}},"421":{"start":{"line":422,"column":0},"end":{"line":422,"column":49}},"422":{"start":{"line":423,"column":0},"end":{"line":423,"column":32}},"423":{"start":{"line":424,"column":0},"end":{"line":424,"column":51}},"424":{"start":{"line":425,"column":0},"end":{"line":425,"column":60}},"425":{"start":{"line":426,"column":0},"end":{"line":426,"column":7}},"426":{"start":{"line":427,"column":0},"end":{"line":427,"column":6}},"427":{"start":{"line":428,"column":0},"end":{"line":428,"column":55}},"428":{"start":{"line":429,"column":0},"end":{"line":429,"column":43}},"429":{"start":{"line":430,"column":0},"end":{"line":430,"column":47}},"430":{"start":{"line":431,"column":0},"end":{"line":431,"column":58}},"431":{"start":{"line":432,"column":0},"end":{"line":432,"column":7}},"432":{"start":{"line":433,"column":0},"end":{"line":433,"column":6}},"433":{"start":{"line":434,"column":0},"end":{"line":434,"column":31}},"434":{"start":{"line":435,"column":0},"end":{"line":435,"column":51}},"435":{"start":{"line":436,"column":0},"end":{"line":436,"column":60}},"436":{"start":{"line":437,"column":0},"end":{"line":437,"column":32}},"437":{"start":{"line":438,"column":0},"end":{"line":438,"column":47}},"438":{"start":{"line":439,"column":0},"end":{"line":439,"column":58}},"439":{"start":{"line":440,"column":0},"end":{"line":440,"column":59}},"440":{"start":{"line":441,"column":0},"end":{"line":441,"column":7}},"441":{"start":{"line":442,"column":0},"end":{"line":442,"column":6}},"442":{"start":{"line":443,"column":0},"end":{"line":443,"column":54}},"443":{"start":{"line":444,"column":0},"end":{"line":444,"column":41}},"444":{"start":{"line":445,"column":0},"end":{"line":445,"column":94}},"445":{"start":{"line":446,"column":0},"end":{"line":446,"column":57}},"446":{"start":{"line":447,"column":0},"end":{"line":447,"column":7}},"447":{"start":{"line":448,"column":0},"end":{"line":448,"column":6}},"448":{"start":{"line":449,"column":0},"end":{"line":449,"column":34}},"449":{"start":{"line":450,"column":0},"end":{"line":450,"column":43}},"450":{"start":{"line":451,"column":0},"end":{"line":451,"column":18}},"451":{"start":{"line":452,"column":0},"end":{"line":452,"column":26}},"452":{"start":{"line":453,"column":0},"end":{"line":453,"column":17}},"453":{"start":{"line":454,"column":0},"end":{"line":454,"column":68}},"454":{"start":{"line":455,"column":0},"end":{"line":455,"column":34}},"455":{"start":{"line":456,"column":0},"end":{"line":456,"column":20}},"456":{"start":{"line":457,"column":0},"end":{"line":457,"column":7}},"457":{"start":{"line":458,"column":0},"end":{"line":458,"column":33}},"458":{"start":{"line":459,"column":0},"end":{"line":459,"column":47}},"459":{"start":{"line":460,"column":0},"end":{"line":460,"column":22}},"460":{"start":{"line":461,"column":0},"end":{"line":461,"column":9}},"461":{"start":{"line":462,"column":0},"end":{"line":462,"column":7}},"462":{"start":{"line":463,"column":0},"end":{"line":463,"column":6}},"463":{"start":{"line":464,"column":0},"end":{"line":464,"column":32}},"464":{"start":{"line":465,"column":0},"end":{"line":465,"column":16}},"465":{"start":{"line":466,"column":0},"end":{"line":466,"column":14}},"466":{"start":{"line":467,"column":0},"end":{"line":467,"column":17}},"467":{"start":{"line":468,"column":0},"end":{"line":468,"column":14}},"468":{"start":{"line":469,"column":0},"end":{"line":469,"column":13}},"469":{"start":{"line":470,"column":0},"end":{"line":470,"column":20}},"470":{"start":{"line":471,"column":0},"end":{"line":471,"column":6}},"472":{"start":{"line":473,"column":0},"end":{"line":473,"column":17}},"473":{"start":{"line":474,"column":0},"end":{"line":474,"column":9}},"474":{"start":{"line":475,"column":0},"end":{"line":475,"column":43}},"475":{"start":{"line":476,"column":0},"end":{"line":476,"column":18}},"477":{"start":{"line":478,"column":0},"end":{"line":478,"column":6}},"478":{"start":{"line":479,"column":0},"end":{"line":479,"column":31}},"480":{"start":{"line":481,"column":0},"end":{"line":481,"column":57}},"481":{"start":{"line":482,"column":0},"end":{"line":482,"column":57}},"482":{"start":{"line":483,"column":0},"end":{"line":483,"column":42}},"483":{"start":{"line":484,"column":0},"end":{"line":484,"column":6}},"484":{"start":{"line":485,"column":0},"end":{"line":485,"column":7}},"485":{"start":{"line":486,"column":0},"end":{"line":486,"column":75}},"486":{"start":{"line":487,"column":0},"end":{"line":487,"column":30}},"487":{"start":{"line":488,"column":0},"end":{"line":488,"column":6}},"488":{"start":{"line":489,"column":0},"end":{"line":489,"column":21}},"489":{"start":{"line":490,"column":0},"end":{"line":490,"column":6}},"490":{"start":{"line":491,"column":0},"end":{"line":491,"column":15}},"491":{"start":{"line":492,"column":0},"end":{"line":492,"column":7}},"492":{"start":{"line":493,"column":0},"end":{"line":493,"column":32}},"493":{"start":{"line":494,"column":0},"end":{"line":494,"column":7}},"494":{"start":{"line":495,"column":0},"end":{"line":495,"column":84}},"495":{"start":{"line":496,"column":0},"end":{"line":496,"column":6}},"496":{"start":{"line":497,"column":0},"end":{"line":497,"column":28}},"497":{"start":{"line":498,"column":0},"end":{"line":498,"column":6}},"498":{"start":{"line":499,"column":0},"end":{"line":499,"column":15}},"499":{"start":{"line":500,"column":0},"end":{"line":500,"column":7}},"500":{"start":{"line":501,"column":0},"end":{"line":501,"column":75}},"502":{"start":{"line":503,"column":0},"end":{"line":503,"column":6}},"503":{"start":{"line":504,"column":0},"end":{"line":504,"column":31}},"505":{"start":{"line":506,"column":0},"end":{"line":506,"column":57}},"506":{"start":{"line":507,"column":0},"end":{"line":507,"column":57}},"507":{"start":{"line":508,"column":0},"end":{"line":508,"column":42}},"508":{"start":{"line":509,"column":0},"end":{"line":509,"column":6}},"509":{"start":{"line":510,"column":0},"end":{"line":510,"column":7}},"510":{"start":{"line":511,"column":0},"end":{"line":511,"column":80}},"511":{"start":{"line":512,"column":0},"end":{"line":512,"column":23}},"512":{"start":{"line":513,"column":0},"end":{"line":513,"column":55}},"513":{"start":{"line":514,"column":0},"end":{"line":514,"column":6}},"514":{"start":{"line":515,"column":0},"end":{"line":515,"column":15}},"515":{"start":{"line":516,"column":0},"end":{"line":516,"column":7}},"516":{"start":{"line":517,"column":0},"end":{"line":517,"column":41}},"517":{"start":{"line":518,"column":0},"end":{"line":518,"column":51}},"518":{"start":{"line":519,"column":0},"end":{"line":519,"column":9}},"519":{"start":{"line":520,"column":0},"end":{"line":520,"column":59}},"520":{"start":{"line":521,"column":0},"end":{"line":521,"column":42}},"521":{"start":{"line":522,"column":0},"end":{"line":522,"column":31}},"522":{"start":{"line":523,"column":0},"end":{"line":523,"column":36}},"523":{"start":{"line":524,"column":0},"end":{"line":524,"column":32}},"524":{"start":{"line":525,"column":0},"end":{"line":525,"column":13}},"525":{"start":{"line":526,"column":0},"end":{"line":526,"column":9}},"526":{"start":{"line":527,"column":0},"end":{"line":527,"column":23}},"527":{"start":{"line":528,"column":0},"end":{"line":528,"column":14}},"528":{"start":{"line":529,"column":0},"end":{"line":529,"column":9}},"529":{"start":{"line":530,"column":0},"end":{"line":530,"column":58}},"530":{"start":{"line":531,"column":0},"end":{"line":531,"column":42}},"531":{"start":{"line":532,"column":0},"end":{"line":532,"column":31}},"532":{"start":{"line":533,"column":0},"end":{"line":533,"column":36}},"533":{"start":{"line":534,"column":0},"end":{"line":534,"column":32}},"534":{"start":{"line":535,"column":0},"end":{"line":535,"column":13}},"535":{"start":{"line":536,"column":0},"end":{"line":536,"column":9}},"536":{"start":{"line":537,"column":0},"end":{"line":537,"column":16}},"537":{"start":{"line":538,"column":0},"end":{"line":538,"column":25}},"538":{"start":{"line":539,"column":0},"end":{"line":539,"column":10}},"539":{"start":{"line":540,"column":0},"end":{"line":540,"column":7}},"540":{"start":{"line":541,"column":0},"end":{"line":541,"column":6}},"542":{"start":{"line":543,"column":0},"end":{"line":543,"column":6}},"543":{"start":{"line":544,"column":0},"end":{"line":544,"column":31}},"545":{"start":{"line":546,"column":0},"end":{"line":546,"column":57}},"546":{"start":{"line":547,"column":0},"end":{"line":547,"column":57}},"547":{"start":{"line":548,"column":0},"end":{"line":548,"column":42}},"548":{"start":{"line":549,"column":0},"end":{"line":549,"column":6}},"549":{"start":{"line":550,"column":0},"end":{"line":550,"column":7}},"550":{"start":{"line":551,"column":0},"end":{"line":551,"column":81}},"551":{"start":{"line":552,"column":0},"end":{"line":552,"column":77}},"552":{"start":{"line":553,"column":0},"end":{"line":553,"column":79}},"553":{"start":{"line":554,"column":0},"end":{"line":554,"column":80}},"554":{"start":{"line":555,"column":0},"end":{"line":555,"column":23}},"555":{"start":{"line":556,"column":0},"end":{"line":556,"column":6}},"556":{"start":{"line":557,"column":0},"end":{"line":557,"column":32}},"557":{"start":{"line":558,"column":0},"end":{"line":558,"column":7}},"558":{"start":{"line":559,"column":0},"end":{"line":559,"column":17}},"559":{"start":{"line":560,"column":0},"end":{"line":560,"column":9}},"560":{"start":{"line":561,"column":0},"end":{"line":561,"column":37}},"561":{"start":{"line":562,"column":0},"end":{"line":562,"column":8}},"562":{"start":{"line":563,"column":0},"end":{"line":563,"column":53}},"563":{"start":{"line":564,"column":0},"end":{"line":564,"column":78}},"564":{"start":{"line":565,"column":0},"end":{"line":565,"column":54}},"565":{"start":{"line":566,"column":0},"end":{"line":566,"column":68}},"566":{"start":{"line":567,"column":0},"end":{"line":567,"column":65}},"567":{"start":{"line":568,"column":0},"end":{"line":568,"column":74}},"568":{"start":{"line":569,"column":0},"end":{"line":569,"column":17}},"569":{"start":{"line":570,"column":0},"end":{"line":570,"column":9}},"570":{"start":{"line":571,"column":0},"end":{"line":571,"column":59}},"571":{"start":{"line":572,"column":0},"end":{"line":572,"column":9}},"572":{"start":{"line":573,"column":0},"end":{"line":573,"column":56}},"573":{"start":{"line":574,"column":0},"end":{"line":574,"column":42}},"574":{"start":{"line":575,"column":0},"end":{"line":575,"column":31}},"575":{"start":{"line":576,"column":0},"end":{"line":576,"column":36}},"576":{"start":{"line":577,"column":0},"end":{"line":577,"column":30}},"577":{"start":{"line":578,"column":0},"end":{"line":578,"column":13}},"578":{"start":{"line":579,"column":0},"end":{"line":579,"column":23}},"579":{"start":{"line":580,"column":0},"end":{"line":580,"column":62}},"580":{"start":{"line":581,"column":0},"end":{"line":581,"column":33}},"581":{"start":{"line":582,"column":0},"end":{"line":582,"column":15}},"582":{"start":{"line":583,"column":0},"end":{"line":583,"column":11}},"583":{"start":{"line":584,"column":0},"end":{"line":584,"column":9}},"584":{"start":{"line":585,"column":0},"end":{"line":585,"column":70}},"585":{"start":{"line":586,"column":0},"end":{"line":586,"column":34}},"586":{"start":{"line":587,"column":0},"end":{"line":587,"column":49}},"587":{"start":{"line":588,"column":0},"end":{"line":588,"column":27}},"588":{"start":{"line":589,"column":0},"end":{"line":589,"column":29}},"589":{"start":{"line":590,"column":0},"end":{"line":590,"column":7}},"590":{"start":{"line":591,"column":0},"end":{"line":591,"column":9}},"591":{"start":{"line":592,"column":0},"end":{"line":592,"column":8}},"592":{"start":{"line":593,"column":0},"end":{"line":593,"column":68}},"593":{"start":{"line":594,"column":0},"end":{"line":594,"column":64}},"594":{"start":{"line":595,"column":0},"end":{"line":595,"column":9}},"595":{"start":{"line":596,"column":0},"end":{"line":596,"column":32}},"596":{"start":{"line":597,"column":0},"end":{"line":597,"column":54}},"597":{"start":{"line":598,"column":0},"end":{"line":598,"column":7}},"598":{"start":{"line":599,"column":0},"end":{"line":599,"column":5}},"600":{"start":{"line":601,"column":0},"end":{"line":601,"column":6}},"601":{"start":{"line":602,"column":0},"end":{"line":602,"column":31}},"603":{"start":{"line":604,"column":0},"end":{"line":604,"column":57}},"604":{"start":{"line":605,"column":0},"end":{"line":605,"column":57}},"605":{"start":{"line":606,"column":0},"end":{"line":606,"column":42}},"606":{"start":{"line":607,"column":0},"end":{"line":607,"column":6}},"607":{"start":{"line":608,"column":0},"end":{"line":608,"column":7}},"608":{"start":{"line":609,"column":0},"end":{"line":609,"column":69}},"609":{"start":{"line":610,"column":0},"end":{"line":610,"column":37}},"610":{"start":{"line":611,"column":0},"end":{"line":611,"column":6}},"611":{"start":{"line":612,"column":0},"end":{"line":612,"column":83}},"612":{"start":{"line":613,"column":0},"end":{"line":613,"column":82}},"613":{"start":{"line":614,"column":0},"end":{"line":614,"column":28}},"614":{"start":{"line":615,"column":0},"end":{"line":615,"column":6}},"615":{"start":{"line":616,"column":0},"end":{"line":616,"column":32}},"616":{"start":{"line":617,"column":0},"end":{"line":617,"column":37}},"617":{"start":{"line":618,"column":0},"end":{"line":618,"column":7}},"618":{"start":{"line":619,"column":0},"end":{"line":619,"column":37}},"619":{"start":{"line":620,"column":0},"end":{"line":620,"column":9}},"620":{"start":{"line":621,"column":0},"end":{"line":621,"column":43}},"621":{"start":{"line":622,"column":0},"end":{"line":622,"column":146}},"622":{"start":{"line":623,"column":0},"end":{"line":623,"column":50}},"623":{"start":{"line":624,"column":0},"end":{"line":624,"column":57}},"624":{"start":{"line":625,"column":0},"end":{"line":625,"column":18}},"625":{"start":{"line":626,"column":0},"end":{"line":626,"column":8}},"626":{"start":{"line":627,"column":0},"end":{"line":627,"column":77}},"627":{"start":{"line":628,"column":0},"end":{"line":628,"column":68}},"628":{"start":{"line":629,"column":0},"end":{"line":629,"column":65}},"629":{"start":{"line":630,"column":0},"end":{"line":630,"column":74}},"630":{"start":{"line":631,"column":0},"end":{"line":631,"column":17}},"631":{"start":{"line":632,"column":0},"end":{"line":632,"column":9}},"632":{"start":{"line":633,"column":0},"end":{"line":633,"column":44}},"633":{"start":{"line":634,"column":0},"end":{"line":634,"column":9}},"634":{"start":{"line":635,"column":0},"end":{"line":635,"column":57}},"635":{"start":{"line":636,"column":0},"end":{"line":636,"column":42}},"636":{"start":{"line":637,"column":0},"end":{"line":637,"column":37}},"637":{"start":{"line":638,"column":0},"end":{"line":638,"column":36}},"638":{"start":{"line":639,"column":0},"end":{"line":639,"column":32}},"639":{"start":{"line":640,"column":0},"end":{"line":640,"column":13}},"640":{"start":{"line":641,"column":0},"end":{"line":641,"column":9}},"641":{"start":{"line":642,"column":0},"end":{"line":642,"column":24}},"642":{"start":{"line":643,"column":0},"end":{"line":643,"column":13}},"643":{"start":{"line":644,"column":0},"end":{"line":644,"column":15}},"644":{"start":{"line":645,"column":0},"end":{"line":645,"column":47}},"645":{"start":{"line":646,"column":0},"end":{"line":646,"column":52}},"646":{"start":{"line":647,"column":0},"end":{"line":647,"column":24}},"647":{"start":{"line":648,"column":0},"end":{"line":648,"column":19}},"648":{"start":{"line":649,"column":0},"end":{"line":649,"column":11}},"649":{"start":{"line":650,"column":0},"end":{"line":650,"column":82}},"650":{"start":{"line":651,"column":0},"end":{"line":651,"column":44}},"651":{"start":{"line":652,"column":0},"end":{"line":652,"column":83}},"652":{"start":{"line":653,"column":0},"end":{"line":653,"column":34}},"653":{"start":{"line":654,"column":0},"end":{"line":654,"column":69}},"654":{"start":{"line":655,"column":0},"end":{"line":655,"column":13}},"655":{"start":{"line":656,"column":0},"end":{"line":656,"column":242}},"656":{"start":{"line":657,"column":0},"end":{"line":657,"column":13}},"657":{"start":{"line":658,"column":0},"end":{"line":658,"column":19}},"658":{"start":{"line":659,"column":0},"end":{"line":659,"column":11}},"659":{"start":{"line":660,"column":0},"end":{"line":660,"column":84}},"660":{"start":{"line":661,"column":0},"end":{"line":661,"column":77}},"661":{"start":{"line":662,"column":0},"end":{"line":662,"column":30}},"662":{"start":{"line":663,"column":0},"end":{"line":663,"column":75}},"663":{"start":{"line":664,"column":0},"end":{"line":664,"column":33}},"664":{"start":{"line":665,"column":0},"end":{"line":665,"column":10}},"665":{"start":{"line":666,"column":0},"end":{"line":666,"column":38}},"666":{"start":{"line":667,"column":0},"end":{"line":667,"column":7}},"667":{"start":{"line":668,"column":0},"end":{"line":668,"column":5}},"669":{"start":{"line":670,"column":0},"end":{"line":670,"column":6}},"670":{"start":{"line":671,"column":0},"end":{"line":671,"column":31}},"672":{"start":{"line":673,"column":0},"end":{"line":673,"column":57}},"673":{"start":{"line":674,"column":0},"end":{"line":674,"column":57}},"674":{"start":{"line":675,"column":0},"end":{"line":675,"column":42}},"675":{"start":{"line":676,"column":0},"end":{"line":676,"column":6}},"676":{"start":{"line":677,"column":0},"end":{"line":677,"column":35}},"677":{"start":{"line":678,"column":0},"end":{"line":678,"column":57}},"678":{"start":{"line":679,"column":0},"end":{"line":679,"column":64}},"679":{"start":{"line":680,"column":0},"end":{"line":680,"column":82}},"680":{"start":{"line":681,"column":0},"end":{"line":681,"column":72}},"681":{"start":{"line":682,"column":0},"end":{"line":682,"column":6}},"683":{"start":{"line":684,"column":0},"end":{"line":684,"column":6}},"684":{"start":{"line":685,"column":0},"end":{"line":685,"column":31}},"686":{"start":{"line":687,"column":0},"end":{"line":687,"column":57}},"687":{"start":{"line":688,"column":0},"end":{"line":688,"column":57}},"688":{"start":{"line":689,"column":0},"end":{"line":689,"column":42}},"689":{"start":{"line":690,"column":0},"end":{"line":690,"column":6}},"690":{"start":{"line":691,"column":0},"end":{"line":691,"column":7}},"691":{"start":{"line":692,"column":0},"end":{"line":692,"column":73}},"692":{"start":{"line":693,"column":0},"end":{"line":693,"column":69}},"693":{"start":{"line":694,"column":0},"end":{"line":694,"column":31}},"694":{"start":{"line":695,"column":0},"end":{"line":695,"column":6}},"695":{"start":{"line":696,"column":0},"end":{"line":696,"column":77}},"696":{"start":{"line":697,"column":0},"end":{"line":697,"column":33}},"697":{"start":{"line":698,"column":0},"end":{"line":698,"column":6}},"698":{"start":{"line":699,"column":0},"end":{"line":699,"column":78}},"699":{"start":{"line":700,"column":0},"end":{"line":700,"column":82}},"700":{"start":{"line":701,"column":0},"end":{"line":701,"column":15}},"701":{"start":{"line":702,"column":0},"end":{"line":702,"column":6}},"702":{"start":{"line":703,"column":0},"end":{"line":703,"column":83}},"703":{"start":{"line":704,"column":0},"end":{"line":704,"column":41}},"704":{"start":{"line":705,"column":0},"end":{"line":705,"column":6}},"705":{"start":{"line":706,"column":0},"end":{"line":706,"column":32}},"706":{"start":{"line":707,"column":0},"end":{"line":707,"column":7}},"707":{"start":{"line":708,"column":0},"end":{"line":708,"column":18}},"708":{"start":{"line":709,"column":0},"end":{"line":709,"column":9}},"709":{"start":{"line":710,"column":0},"end":{"line":710,"column":34}},"710":{"start":{"line":711,"column":0},"end":{"line":711,"column":9}},"711":{"start":{"line":712,"column":0},"end":{"line":712,"column":21}},"712":{"start":{"line":713,"column":0},"end":{"line":713,"column":33}},"713":{"start":{"line":714,"column":0},"end":{"line":714,"column":44}},"714":{"start":{"line":715,"column":0},"end":{"line":715,"column":7}},"715":{"start":{"line":716,"column":0},"end":{"line":716,"column":9}},"716":{"start":{"line":717,"column":0},"end":{"line":717,"column":83}},"717":{"start":{"line":718,"column":0},"end":{"line":718,"column":79}},"718":{"start":{"line":719,"column":0},"end":{"line":719,"column":39}},"719":{"start":{"line":720,"column":0},"end":{"line":720,"column":9}},"720":{"start":{"line":721,"column":0},"end":{"line":721,"column":20}},"721":{"start":{"line":722,"column":0},"end":{"line":722,"column":28}},"722":{"start":{"line":723,"column":0},"end":{"line":723,"column":7}},"723":{"start":{"line":724,"column":0},"end":{"line":724,"column":9}},"724":{"start":{"line":725,"column":0},"end":{"line":725,"column":78}},"725":{"start":{"line":726,"column":0},"end":{"line":726,"column":29}},"726":{"start":{"line":727,"column":0},"end":{"line":727,"column":9}},"727":{"start":{"line":728,"column":0},"end":{"line":728,"column":26}},"728":{"start":{"line":729,"column":0},"end":{"line":729,"column":90}},"729":{"start":{"line":730,"column":0},"end":{"line":730,"column":49}},"730":{"start":{"line":731,"column":0},"end":{"line":731,"column":17}},"731":{"start":{"line":732,"column":0},"end":{"line":732,"column":19}},"732":{"start":{"line":733,"column":0},"end":{"line":733,"column":20}},"733":{"start":{"line":734,"column":0},"end":{"line":734,"column":54}},"734":{"start":{"line":735,"column":0},"end":{"line":735,"column":20}},"735":{"start":{"line":736,"column":0},"end":{"line":736,"column":17}},"736":{"start":{"line":737,"column":0},"end":{"line":737,"column":13}},"737":{"start":{"line":738,"column":0},"end":{"line":738,"column":32}},"738":{"start":{"line":739,"column":0},"end":{"line":739,"column":47}},"739":{"start":{"line":740,"column":0},"end":{"line":740,"column":11}},"740":{"start":{"line":741,"column":0},"end":{"line":741,"column":11}},"741":{"start":{"line":742,"column":0},"end":{"line":742,"column":7}},"742":{"start":{"line":743,"column":0},"end":{"line":743,"column":9}},"743":{"start":{"line":744,"column":0},"end":{"line":744,"column":73}},"744":{"start":{"line":745,"column":0},"end":{"line":745,"column":79}},"745":{"start":{"line":746,"column":0},"end":{"line":746,"column":47}},"746":{"start":{"line":747,"column":0},"end":{"line":747,"column":8}},"747":{"start":{"line":748,"column":0},"end":{"line":748,"column":82}},"748":{"start":{"line":749,"column":0},"end":{"line":749,"column":80}},"749":{"start":{"line":750,"column":0},"end":{"line":750,"column":81}},"750":{"start":{"line":751,"column":0},"end":{"line":751,"column":8}},"751":{"start":{"line":752,"column":0},"end":{"line":752,"column":12}},"752":{"start":{"line":753,"column":0},"end":{"line":753,"column":10}},"753":{"start":{"line":754,"column":0},"end":{"line":754,"column":30}},"754":{"start":{"line":755,"column":0},"end":{"line":755,"column":21}},"755":{"start":{"line":756,"column":0},"end":{"line":756,"column":27}},"756":{"start":{"line":757,"column":0},"end":{"line":757,"column":30}},"757":{"start":{"line":758,"column":0},"end":{"line":758,"column":30}},"758":{"start":{"line":759,"column":0},"end":{"line":759,"column":51}},"759":{"start":{"line":760,"column":0},"end":{"line":760,"column":15}},"760":{"start":{"line":761,"column":0},"end":{"line":761,"column":13}},"761":{"start":{"line":762,"column":0},"end":{"line":762,"column":10}},"762":{"start":{"line":763,"column":0},"end":{"line":763,"column":12}},"763":{"start":{"line":764,"column":0},"end":{"line":764,"column":9}},"764":{"start":{"line":765,"column":0},"end":{"line":765,"column":26}},"765":{"start":{"line":766,"column":0},"end":{"line":766,"column":90}},"766":{"start":{"line":767,"column":0},"end":{"line":767,"column":51}},"767":{"start":{"line":768,"column":0},"end":{"line":768,"column":37}},"768":{"start":{"line":769,"column":0},"end":{"line":769,"column":80}},"769":{"start":{"line":770,"column":0},"end":{"line":770,"column":63}},"770":{"start":{"line":771,"column":0},"end":{"line":771,"column":79}},"771":{"start":{"line":772,"column":0},"end":{"line":772,"column":19}},"772":{"start":{"line":773,"column":0},"end":{"line":773,"column":21}},"773":{"start":{"line":774,"column":0},"end":{"line":774,"column":27}},"774":{"start":{"line":775,"column":0},"end":{"line":775,"column":13}},"775":{"start":{"line":776,"column":0},"end":{"line":776,"column":80}},"776":{"start":{"line":777,"column":0},"end":{"line":777,"column":13}},"777":{"start":{"line":778,"column":0},"end":{"line":778,"column":82}},"778":{"start":{"line":779,"column":0},"end":{"line":779,"column":46}},"779":{"start":{"line":780,"column":0},"end":{"line":780,"column":32}},"780":{"start":{"line":781,"column":0},"end":{"line":781,"column":15}},"781":{"start":{"line":782,"column":0},"end":{"line":782,"column":52}},"782":{"start":{"line":783,"column":0},"end":{"line":783,"column":41}},"783":{"start":{"line":784,"column":0},"end":{"line":784,"column":24}},"784":{"start":{"line":785,"column":0},"end":{"line":785,"column":21}},"785":{"start":{"line":786,"column":0},"end":{"line":786,"column":17}},"786":{"start":{"line":787,"column":0},"end":{"line":787,"column":80}},"787":{"start":{"line":788,"column":0},"end":{"line":788,"column":81}},"788":{"start":{"line":789,"column":0},"end":{"line":789,"column":65}},"789":{"start":{"line":790,"column":0},"end":{"line":790,"column":30}},"790":{"start":{"line":791,"column":0},"end":{"line":791,"column":45}},"791":{"start":{"line":792,"column":0},"end":{"line":792,"column":77}},"792":{"start":{"line":793,"column":0},"end":{"line":793,"column":48}},"793":{"start":{"line":794,"column":0},"end":{"line":794,"column":80}},"794":{"start":{"line":795,"column":0},"end":{"line":795,"column":13}},"795":{"start":{"line":796,"column":0},"end":{"line":796,"column":11}},"796":{"start":{"line":797,"column":0},"end":{"line":797,"column":11}},"797":{"start":{"line":798,"column":0},"end":{"line":798,"column":7}},"798":{"start":{"line":799,"column":0},"end":{"line":799,"column":9}},"799":{"start":{"line":800,"column":0},"end":{"line":800,"column":81}},"800":{"start":{"line":801,"column":0},"end":{"line":801,"column":37}},"801":{"start":{"line":802,"column":0},"end":{"line":802,"column":8}},"802":{"start":{"line":803,"column":0},"end":{"line":803,"column":32}},"803":{"start":{"line":804,"column":0},"end":{"line":804,"column":64}},"804":{"start":{"line":805,"column":0},"end":{"line":805,"column":76}},"805":{"start":{"line":806,"column":0},"end":{"line":806,"column":21}},"806":{"start":{"line":807,"column":0},"end":{"line":807,"column":73}},"807":{"start":{"line":808,"column":0},"end":{"line":808,"column":77}},"808":{"start":{"line":809,"column":0},"end":{"line":809,"column":76}},"809":{"start":{"line":810,"column":0},"end":{"line":810,"column":9}},"810":{"start":{"line":811,"column":0},"end":{"line":811,"column":21}},"811":{"start":{"line":812,"column":0},"end":{"line":812,"column":16}},"812":{"start":{"line":813,"column":0},"end":{"line":813,"column":13}},"813":{"start":{"line":814,"column":0},"end":{"line":814,"column":10}},"814":{"start":{"line":815,"column":0},"end":{"line":815,"column":9}},"815":{"start":{"line":816,"column":0},"end":{"line":816,"column":59}},"816":{"start":{"line":817,"column":0},"end":{"line":817,"column":42}},"817":{"start":{"line":818,"column":0},"end":{"line":818,"column":32}},"818":{"start":{"line":819,"column":0},"end":{"line":819,"column":38}},"819":{"start":{"line":820,"column":0},"end":{"line":820,"column":40}},"820":{"start":{"line":821,"column":0},"end":{"line":821,"column":13}},"821":{"start":{"line":822,"column":0},"end":{"line":822,"column":9}},"822":{"start":{"line":823,"column":0},"end":{"line":823,"column":56}},"823":{"start":{"line":824,"column":0},"end":{"line":824,"column":47}},"824":{"start":{"line":825,"column":0},"end":{"line":825,"column":11}},"825":{"start":{"line":826,"column":0},"end":{"line":826,"column":86}},"826":{"start":{"line":827,"column":0},"end":{"line":827,"column":11}},"827":{"start":{"line":828,"column":0},"end":{"line":828,"column":17}},"828":{"start":{"line":829,"column":0},"end":{"line":829,"column":9}},"829":{"start":{"line":830,"column":0},"end":{"line":830,"column":58}},"830":{"start":{"line":831,"column":0},"end":{"line":831,"column":15}},"831":{"start":{"line":832,"column":0},"end":{"line":832,"column":17}},"832":{"start":{"line":833,"column":0},"end":{"line":833,"column":15}},"833":{"start":{"line":834,"column":0},"end":{"line":834,"column":36}},"834":{"start":{"line":835,"column":0},"end":{"line":835,"column":16}},"835":{"start":{"line":836,"column":0},"end":{"line":836,"column":18}},"836":{"start":{"line":837,"column":0},"end":{"line":837,"column":21}},"837":{"start":{"line":838,"column":0},"end":{"line":838,"column":13}},"838":{"start":{"line":839,"column":0},"end":{"line":839,"column":11}},"839":{"start":{"line":840,"column":0},"end":{"line":840,"column":45}},"840":{"start":{"line":841,"column":0},"end":{"line":841,"column":33}},"841":{"start":{"line":842,"column":0},"end":{"line":842,"column":9}},"842":{"start":{"line":843,"column":0},"end":{"line":843,"column":24}},"843":{"start":{"line":844,"column":0},"end":{"line":844,"column":81}},"844":{"start":{"line":845,"column":0},"end":{"line":845,"column":25}},"845":{"start":{"line":846,"column":0},"end":{"line":846,"column":99}},"846":{"start":{"line":847,"column":0},"end":{"line":847,"column":13}},"847":{"start":{"line":848,"column":0},"end":{"line":848,"column":11}},"848":{"start":{"line":849,"column":0},"end":{"line":849,"column":9}},"849":{"start":{"line":850,"column":0},"end":{"line":850,"column":79}},"850":{"start":{"line":851,"column":0},"end":{"line":851,"column":57}},"851":{"start":{"line":852,"column":0},"end":{"line":852,"column":38}},"852":{"start":{"line":853,"column":0},"end":{"line":853,"column":62}},"853":{"start":{"line":854,"column":0},"end":{"line":854,"column":11}},"854":{"start":{"line":855,"column":0},"end":{"line":855,"column":123}},"855":{"start":{"line":856,"column":0},"end":{"line":856,"column":11}},"856":{"start":{"line":857,"column":0},"end":{"line":857,"column":56}},"857":{"start":{"line":858,"column":0},"end":{"line":858,"column":9}},"858":{"start":{"line":859,"column":0},"end":{"line":859,"column":23}},"859":{"start":{"line":860,"column":0},"end":{"line":860,"column":11}},"860":{"start":{"line":861,"column":0},"end":{"line":861,"column":77}},"861":{"start":{"line":862,"column":0},"end":{"line":862,"column":66}},"862":{"start":{"line":863,"column":0},"end":{"line":863,"column":71}},"863":{"start":{"line":864,"column":0},"end":{"line":864,"column":11}},"864":{"start":{"line":865,"column":0},"end":{"line":865,"column":17}},"865":{"start":{"line":866,"column":0},"end":{"line":866,"column":9}},"866":{"start":{"line":867,"column":0},"end":{"line":867,"column":9}},"867":{"start":{"line":868,"column":0},"end":{"line":868,"column":77}},"868":{"start":{"line":869,"column":0},"end":{"line":869,"column":54}},"869":{"start":{"line":870,"column":0},"end":{"line":870,"column":83}},"870":{"start":{"line":871,"column":0},"end":{"line":871,"column":40}},"871":{"start":{"line":872,"column":0},"end":{"line":872,"column":37}},"872":{"start":{"line":873,"column":0},"end":{"line":873,"column":33}},"873":{"start":{"line":874,"column":0},"end":{"line":874,"column":20}},"874":{"start":{"line":875,"column":0},"end":{"line":875,"column":30}},"875":{"start":{"line":876,"column":0},"end":{"line":876,"column":13}},"876":{"start":{"line":877,"column":0},"end":{"line":877,"column":13}},"877":{"start":{"line":878,"column":0},"end":{"line":878,"column":28}},"878":{"start":{"line":879,"column":0},"end":{"line":879,"column":9}},"879":{"start":{"line":880,"column":0},"end":{"line":880,"column":79}},"880":{"start":{"line":881,"column":0},"end":{"line":881,"column":64}},"881":{"start":{"line":882,"column":0},"end":{"line":882,"column":28}},"882":{"start":{"line":883,"column":0},"end":{"line":883,"column":13}},"883":{"start":{"line":884,"column":0},"end":{"line":884,"column":44}},"884":{"start":{"line":885,"column":0},"end":{"line":885,"column":16}},"885":{"start":{"line":886,"column":0},"end":{"line":886,"column":20}},"886":{"start":{"line":887,"column":0},"end":{"line":887,"column":18}},"887":{"start":{"line":888,"column":0},"end":{"line":888,"column":18}},"888":{"start":{"line":889,"column":0},"end":{"line":889,"column":13}},"889":{"start":{"line":890,"column":0},"end":{"line":890,"column":23}},"890":{"start":{"line":891,"column":0},"end":{"line":891,"column":48}},"891":{"start":{"line":892,"column":0},"end":{"line":892,"column":9}},"892":{"start":{"line":893,"column":0},"end":{"line":893,"column":50}},"893":{"start":{"line":894,"column":0},"end":{"line":894,"column":57}},"894":{"start":{"line":895,"column":0},"end":{"line":895,"column":89}},"895":{"start":{"line":896,"column":0},"end":{"line":896,"column":64}},"896":{"start":{"line":897,"column":0},"end":{"line":897,"column":67}},"897":{"start":{"line":898,"column":0},"end":{"line":898,"column":31}},"898":{"start":{"line":899,"column":0},"end":{"line":899,"column":15}},"899":{"start":{"line":900,"column":0},"end":{"line":900,"column":84}},"900":{"start":{"line":901,"column":0},"end":{"line":901,"column":57}},"901":{"start":{"line":902,"column":0},"end":{"line":902,"column":143}},"902":{"start":{"line":903,"column":0},"end":{"line":903,"column":56}},"903":{"start":{"line":904,"column":0},"end":{"line":904,"column":34}},"904":{"start":{"line":905,"column":0},"end":{"line":905,"column":34}},"905":{"start":{"line":906,"column":0},"end":{"line":906,"column":15}},"906":{"start":{"line":907,"column":0},"end":{"line":907,"column":19}},"907":{"start":{"line":908,"column":0},"end":{"line":908,"column":50}},"908":{"start":{"line":909,"column":0},"end":{"line":909,"column":22}},"909":{"start":{"line":910,"column":0},"end":{"line":910,"column":26}},"910":{"start":{"line":911,"column":0},"end":{"line":911,"column":24}},"911":{"start":{"line":912,"column":0},"end":{"line":912,"column":24}},"912":{"start":{"line":913,"column":0},"end":{"line":913,"column":19}},"913":{"start":{"line":914,"column":0},"end":{"line":914,"column":34}},"914":{"start":{"line":915,"column":0},"end":{"line":915,"column":48}},"915":{"start":{"line":916,"column":0},"end":{"line":916,"column":33}},"916":{"start":{"line":917,"column":0},"end":{"line":917,"column":17}},"917":{"start":{"line":918,"column":0},"end":{"line":918,"column":15}},"918":{"start":{"line":919,"column":0},"end":{"line":919,"column":13}},"919":{"start":{"line":920,"column":0},"end":{"line":920,"column":37}},"920":{"start":{"line":921,"column":0},"end":{"line":921,"column":15}},"921":{"start":{"line":922,"column":0},"end":{"line":922,"column":84}},"922":{"start":{"line":923,"column":0},"end":{"line":923,"column":57}},"923":{"start":{"line":924,"column":0},"end":{"line":924,"column":142}},"924":{"start":{"line":925,"column":0},"end":{"line":925,"column":56}},"925":{"start":{"line":926,"column":0},"end":{"line":926,"column":34}},"926":{"start":{"line":927,"column":0},"end":{"line":927,"column":34}},"927":{"start":{"line":928,"column":0},"end":{"line":928,"column":15}},"928":{"start":{"line":929,"column":0},"end":{"line":929,"column":48}},"929":{"start":{"line":930,"column":0},"end":{"line":930,"column":20}},"930":{"start":{"line":931,"column":0},"end":{"line":931,"column":24}},"931":{"start":{"line":932,"column":0},"end":{"line":932,"column":21}},"932":{"start":{"line":933,"column":0},"end":{"line":933,"column":17}},"933":{"start":{"line":934,"column":0},"end":{"line":934,"column":13}},"934":{"start":{"line":935,"column":0},"end":{"line":935,"column":22}},"935":{"start":{"line":936,"column":0},"end":{"line":936,"column":13}},"936":{"start":{"line":937,"column":0},"end":{"line":937,"column":9}},"937":{"start":{"line":938,"column":0},"end":{"line":938,"column":31}},"938":{"start":{"line":939,"column":0},"end":{"line":939,"column":7}},"939":{"start":{"line":940,"column":0},"end":{"line":940,"column":9}},"940":{"start":{"line":941,"column":0},"end":{"line":941,"column":79}},"941":{"start":{"line":942,"column":0},"end":{"line":942,"column":77}},"942":{"start":{"line":943,"column":0},"end":{"line":943,"column":60}},"943":{"start":{"line":944,"column":0},"end":{"line":944,"column":8}},"944":{"start":{"line":945,"column":0},"end":{"line":945,"column":32}},"945":{"start":{"line":946,"column":0},"end":{"line":946,"column":33}},"946":{"start":{"line":947,"column":0},"end":{"line":947,"column":81}},"947":{"start":{"line":948,"column":0},"end":{"line":948,"column":40}},"948":{"start":{"line":949,"column":0},"end":{"line":949,"column":63}},"949":{"start":{"line":950,"column":0},"end":{"line":950,"column":62}},"950":{"start":{"line":951,"column":0},"end":{"line":951,"column":73}},"951":{"start":{"line":952,"column":0},"end":{"line":952,"column":76}},"952":{"start":{"line":953,"column":0},"end":{"line":953,"column":23}},"953":{"start":{"line":954,"column":0},"end":{"line":954,"column":9}},"954":{"start":{"line":955,"column":0},"end":{"line":955,"column":25}},"955":{"start":{"line":956,"column":0},"end":{"line":956,"column":12}},"956":{"start":{"line":957,"column":0},"end":{"line":957,"column":19}},"957":{"start":{"line":958,"column":0},"end":{"line":958,"column":16}},"958":{"start":{"line":959,"column":0},"end":{"line":959,"column":13}},"959":{"start":{"line":960,"column":0},"end":{"line":960,"column":10}},"960":{"start":{"line":961,"column":0},"end":{"line":961,"column":62}},"961":{"start":{"line":962,"column":0},"end":{"line":962,"column":37}},"962":{"start":{"line":963,"column":0},"end":{"line":963,"column":21}},"963":{"start":{"line":964,"column":0},"end":{"line":964,"column":76}},"964":{"start":{"line":965,"column":0},"end":{"line":965,"column":77}},"965":{"start":{"line":966,"column":0},"end":{"line":966,"column":43}},"966":{"start":{"line":967,"column":0},"end":{"line":967,"column":16}},"967":{"start":{"line":968,"column":0},"end":{"line":968,"column":23}},"968":{"start":{"line":969,"column":0},"end":{"line":969,"column":20}},"969":{"start":{"line":970,"column":0},"end":{"line":970,"column":17}},"970":{"start":{"line":971,"column":0},"end":{"line":971,"column":13}},"971":{"start":{"line":972,"column":0},"end":{"line":972,"column":28}},"972":{"start":{"line":973,"column":0},"end":{"line":973,"column":13}},"973":{"start":{"line":974,"column":0},"end":{"line":974,"column":83}},"974":{"start":{"line":975,"column":0},"end":{"line":975,"column":43}},"975":{"start":{"line":976,"column":0},"end":{"line":976,"column":51}},"976":{"start":{"line":977,"column":0},"end":{"line":977,"column":208}},"977":{"start":{"line":978,"column":0},"end":{"line":978,"column":15}},"978":{"start":{"line":979,"column":0},"end":{"line":979,"column":13}},"979":{"start":{"line":980,"column":0},"end":{"line":980,"column":70}},"980":{"start":{"line":981,"column":0},"end":{"line":981,"column":79}},"981":{"start":{"line":982,"column":0},"end":{"line":982,"column":33}},"982":{"start":{"line":983,"column":0},"end":{"line":983,"column":63}},"983":{"start":{"line":984,"column":0},"end":{"line":984,"column":79}},"984":{"start":{"line":985,"column":0},"end":{"line":985,"column":33}},"985":{"start":{"line":986,"column":0},"end":{"line":986,"column":60}},"986":{"start":{"line":987,"column":0},"end":{"line":987,"column":34}},"987":{"start":{"line":988,"column":0},"end":{"line":988,"column":52}},"988":{"start":{"line":989,"column":0},"end":{"line":989,"column":80}},"989":{"start":{"line":990,"column":0},"end":{"line":990,"column":33}},"990":{"start":{"line":991,"column":0},"end":{"line":991,"column":58}},"991":{"start":{"line":992,"column":0},"end":{"line":992,"column":81}},"992":{"start":{"line":993,"column":0},"end":{"line":993,"column":34}},"993":{"start":{"line":994,"column":0},"end":{"line":994,"column":93}},"994":{"start":{"line":995,"column":0},"end":{"line":995,"column":33}},"995":{"start":{"line":996,"column":0},"end":{"line":996,"column":13}},"996":{"start":{"line":997,"column":0},"end":{"line":997,"column":44}},"997":{"start":{"line":998,"column":0},"end":{"line":998,"column":20}},"998":{"start":{"line":999,"column":0},"end":{"line":999,"column":20}},"999":{"start":{"line":1000,"column":0},"end":{"line":1000,"column":20}},"1000":{"start":{"line":1001,"column":0},"end":{"line":1001,"column":14}},"1001":{"start":{"line":1002,"column":0},"end":{"line":1002,"column":11}},"1002":{"start":{"line":1003,"column":0},"end":{"line":1003,"column":9}},"1003":{"start":{"line":1004,"column":0},"end":{"line":1004,"column":64}},"1004":{"start":{"line":1005,"column":0},"end":{"line":1005,"column":18}},"1005":{"start":{"line":1006,"column":0},"end":{"line":1006,"column":7}},"1006":{"start":{"line":1007,"column":0},"end":{"line":1007,"column":9}},"1007":{"start":{"line":1008,"column":0},"end":{"line":1008,"column":75}},"1008":{"start":{"line":1009,"column":0},"end":{"line":1009,"column":36}},"1009":{"start":{"line":1010,"column":0},"end":{"line":1010,"column":8}},"1010":{"start":{"line":1011,"column":0},"end":{"line":1011,"column":77}},"1011":{"start":{"line":1012,"column":0},"end":{"line":1012,"column":8}},"1012":{"start":{"line":1013,"column":0},"end":{"line":1013,"column":74}},"1013":{"start":{"line":1014,"column":0},"end":{"line":1014,"column":60}},"1014":{"start":{"line":1015,"column":0},"end":{"line":1015,"column":8}},"1015":{"start":{"line":1016,"column":0},"end":{"line":1016,"column":68}},"1016":{"start":{"line":1017,"column":0},"end":{"line":1017,"column":65}},"1017":{"start":{"line":1018,"column":0},"end":{"line":1018,"column":78}},"1018":{"start":{"line":1019,"column":0},"end":{"line":1019,"column":58}},"1019":{"start":{"line":1020,"column":0},"end":{"line":1020,"column":9}},"1020":{"start":{"line":1021,"column":0},"end":{"line":1021,"column":58}},"1021":{"start":{"line":1022,"column":0},"end":{"line":1022,"column":71}},"1022":{"start":{"line":1023,"column":0},"end":{"line":1023,"column":7}},"1023":{"start":{"line":1024,"column":0},"end":{"line":1024,"column":9}},"1024":{"start":{"line":1025,"column":0},"end":{"line":1025,"column":76}},"1025":{"start":{"line":1026,"column":0},"end":{"line":1026,"column":65}},"1026":{"start":{"line":1027,"column":0},"end":{"line":1027,"column":8}},"1027":{"start":{"line":1028,"column":0},"end":{"line":1028,"column":68}},"1028":{"start":{"line":1029,"column":0},"end":{"line":1029,"column":65}},"1029":{"start":{"line":1030,"column":0},"end":{"line":1030,"column":9}},"1030":{"start":{"line":1031,"column":0},"end":{"line":1031,"column":32}},"1031":{"start":{"line":1032,"column":0},"end":{"line":1032,"column":55}},"1032":{"start":{"line":1033,"column":0},"end":{"line":1033,"column":7}},"1033":{"start":{"line":1034,"column":0},"end":{"line":1034,"column":9}},"1034":{"start":{"line":1035,"column":0},"end":{"line":1035,"column":43}},"1035":{"start":{"line":1036,"column":0},"end":{"line":1036,"column":8}},"1036":{"start":{"line":1037,"column":0},"end":{"line":1037,"column":68}},"1037":{"start":{"line":1038,"column":0},"end":{"line":1038,"column":9}},"1038":{"start":{"line":1039,"column":0},"end":{"line":1039,"column":28}},"1039":{"start":{"line":1040,"column":0},"end":{"line":1040,"column":9}},"1040":{"start":{"line":1041,"column":0},"end":{"line":1041,"column":54}},"1041":{"start":{"line":1042,"column":0},"end":{"line":1042,"column":42}},"1042":{"start":{"line":1043,"column":0},"end":{"line":1043,"column":32}},"1043":{"start":{"line":1044,"column":0},"end":{"line":1044,"column":38}},"1044":{"start":{"line":1045,"column":0},"end":{"line":1045,"column":30}},"1045":{"start":{"line":1046,"column":0},"end":{"line":1046,"column":13}},"1046":{"start":{"line":1047,"column":0},"end":{"line":1047,"column":56}},"1047":{"start":{"line":1048,"column":0},"end":{"line":1048,"column":42}},"1048":{"start":{"line":1049,"column":0},"end":{"line":1049,"column":32}},"1049":{"start":{"line":1050,"column":0},"end":{"line":1050,"column":38}},"1050":{"start":{"line":1051,"column":0},"end":{"line":1051,"column":30}},"1051":{"start":{"line":1052,"column":0},"end":{"line":1052,"column":13}},"1052":{"start":{"line":1053,"column":0},"end":{"line":1053,"column":62}},"1053":{"start":{"line":1054,"column":0},"end":{"line":1054,"column":42}},"1054":{"start":{"line":1055,"column":0},"end":{"line":1055,"column":32}},"1055":{"start":{"line":1056,"column":0},"end":{"line":1056,"column":38}},"1056":{"start":{"line":1057,"column":0},"end":{"line":1057,"column":30}},"1057":{"start":{"line":1058,"column":0},"end":{"line":1058,"column":13}},"1058":{"start":{"line":1059,"column":0},"end":{"line":1059,"column":65}},"
[...]
,"/home/hallan/github/hallancosta/woovi-challanger-kyc/src/lib/utils/validators/cpf.ts": {"path":"/home/hallan/github/hallancosta/woovi-challanger-kyc/src/lib/utils/validators/cpf.ts","all":false,"statementMap":{"0":{"start":{"line":1,"column":0},"end":{"line":1,"column":51}},"1":{"start":{"line":2,"column":0},"end":{"line":2,"column":40}},"3":{"start":{"line":4,"column":0},"end":{"line":4,"column":41}},"5":{"start":{"line":6,"column":0},"end":{"line":6,"column":48}},"7":{"start":{"line":8,"column":0},"end":{"line":8,"column":13}},"8":{"start":{"line":9,"column":0},"end":{"line":9,"column":31}},"9":{"start":{"line":10,"column":0},"end":{"line":10,"column":49}},"10":{"start":{"line":11,"column":0},"end":{"line":11,"column":3}},"11":{"start":{"line":12,"column":0},"end":{"line":12,"column":33}},"12":{"start":{"line":13,"column":0},"end":{"line":13,"column":57}},"13":{"start":{"line":14,"column":0},"end":{"line":14,"column":61}},"15":{"start":{"line":16,"column":0},"end":{"line":16,"column":9}},"16":{"start":{"line":17,"column":0},"end":{"line":17,"column":32}},"17":{"start":{"line":18,"column":0},"end":{"line":18,"column":49}},"18":{"start":{"line":19,"column":0},"end":{"line":19,"column":3}},"19":{"start":{"line":20,"column":0},"end":{"line":20,"column":29}},"20":{"start":{"line":21,"column":0},"end":{"line":21,"column":57}},"21":{"start":{"line":22,"column":0},"end":{"line":22,"column":62}},"23":{"start":{"line":24,"column":0},"end":{"line":24,"column":13}},"24":{"start":{"line":25,"column":0},"end":{"line":25,"column":1}}},"s":{"0":1,"1":13,"3":13,"5":13,"7":5,"8":13,"9":45,"10":45,"11":5,"12":13,"13":13,"15":4,"16":13,"17":40,"18":40,"19":4,"20":13,"21":13,"23":3,"24":3},"branchMap":{"0":{"type":"branch","line":1,"loc":{"start":{"line":1,"column":7},"end":{"line":25,"column":1}},"locations":[{"start":{"line":1,"column":7},"end":{"line":25,"column":1}}]},"1":{"type":"branch","line":4,"loc":{"start":{"line":4,"column":29},"end":{"line":4,"column":41}},"locations":[{"start":{"line":4,"column":29},"end":{"line":4,"column":41}}]},"2":{"type":"branch","line":4,"loc":{"start":{"line":4,"column":36},"end":{"line":6,"column":43}},"locations":[{"start":{"line":4,"column":36},"end":{"line":6,"column":43}}]},"3":{"type":"branch","line":6,"loc":{"start":{"line":6,"column":36},"end":{"line":6,"column":48}},"locations":[{"start":{"line":6,"column":36},"end":{"line":6,"column":48}}]},"4":{"type":"branch","line":6,"loc":{"start":{"line":6,"column":43},"end":{"line":9,"column":30}},"locations":[{"start":{"line":6,"column":43},"end":{"line":9,"column":30}}]},"5":{"type":"branch","line":9,"loc":{"start":{"line":9,"column":30},"end":{"line":11,"column":3}},"locations":[{"start":{"line":9,"column":30},"end":{"line":11,"column":3}}]},"6":{"type":"branch","line":11,"loc":{"start":{"line":11,"column":2},"end":{"line":13,"column":26}},"locations":[{"start":{"line":11,"column":2},"end":{"line":13,"column":26}}]},"7":{"type":"branch","line":13,"loc":{"start":{"line":13,"column":20},"end":{"line":13,"column":44}},"locations":[{"start":{"line":13,"column":20},"end":{"line":13,"column":44}}]},"8":{"type":"branch","line":13,"loc":{"start":{"line":13,"column":44},"end":{"line":13,"column":57}},"locations":[{"start":{"line":13,"column":44},"end":{"line":13,"column":57}}]},"9":{"type":"branch","line":13,"loc":{"start":{"line":13,"column":56},"end":{"line":14,"column":56}},"locations":[{"start":{"line":13,"column":56},"end":{"line":14,"column":56}}]},"10":{"type":"branch","line":14,"loc":{"start":{"line":14,"column":49},"end":{"line":14,"column":61}},"locations":[{"start":{"line":14,"column":49},"end":{"line":14,"column":61}}]},"11":{"type":"branch","line":14,"loc":{"start":{"line":14,"column":56},"end":{"line":17,"column":31}},"locations":[{"start":{"line":14,"column":56},"end":{"line":17,"column":31}}]},"12":{"type":"branch","line":17,"loc":{"start":{"line":17,"column":31},"end":{"line":19,"column":3}},"locations":[{"start":{"line":17,"column":31},"end":{"line":19,"column":3}}]},"13":{"type":"branch","line":19,"loc":{"start":{"line":19,"column":2},"end":{"line":21,"column":44}},"locations":[{"start":{"line":19,"column":2},"end":{"line":21,"column":44}}]},"14":{"type":"branch","line":21,"loc":{"start":{"line":21,"column":44},"end":{"line":21,"column":57}},"locations":[{"start":{"line":21,"column":44},"end":{"line":21,"column":57}}]},"15":{"type":"branch","line":21,"loc":{"start":{"line":21,"column":56},"end":{"line":22,"column":57}},"locations":[{"start":{"line":21,"column":56},"end":{"line":22,"column":57}}]},"16":{"type":"branch","line":22,"loc":{"start":{"line":22,"column":50},"end":{"line":22,"column":62}},"locations":[{"start":{"line":22,"column":50},"end":{"line":22,"column":62}}]},"17":{"type":"branch","line":22,"loc":{"start":{"line":22,"column":57},"end":{"line":25,"column":1}},"locations":[{"start":{"line":22,"column":57},"end":{"line":25,"column":1}}]}},"b":{"0":[13],"1":[5],"2":[8],"3":[3],"4":[5],"5":[45],"6":[5],"7":[1],"8":[4],"9":[5],"10":[1],"11":[4],"12":[40],"13":[4],"14":[0],"15":[4],"16":[1],"17":[3]},"fnMap":{"0":{"name":"validateCPF","decl":{"start":{"line":1,"column":7},"end":{"line":25,"column":1}},"loc":{"start":{"line":1,"column":7},"end":{"line":25,"column":1}},"line":1}},"f":{"0":13}}
,"/home/hallan/github/hallancosta/woovi-challanger-kyc/src/lib/utils/validators/dateOfBirth.ts": {"path":"/home/hallan/github/hallancosta/woovi-challanger-kyc/src/lib/utils/validators/dateOfBirth.ts","all":false,"statementMap":{"0":{"start":{"line":1,"column":0},"end":{"line":1,"column":76}},"1":{"start":{"line":2,"column":0},"end":{"line":2,"column":26}},"2":{"start":{"line":3,"column":0},"end":{"line":3,"column":34}},"3":{"start":{"line":4,"column":0},"end":{"line":4,"column":57}},"4":{"start":{"line":5,"column":0},"end":{"line":5,"column":59}},"6":{"start":{"line":7,"column":0},"end":{"line":7,"column":84}},"7":{"start":{"line":8,"column":0},"end":{"line":8,"column":9}},"8":{"start":{"line":9,"column":0},"end":{"line":9,"column":3}},"10":{"start":{"line":11,"column":0},"end":{"line":11,"column":22}},"11":{"start":{"line":12,"column":0},"end":{"line":12,"column":1}}},"s":{"0":1,"1":6,"2":6,"3":6,"4":6,"6":6,"7":1,"8":1,"10":6,"11":6},"branchMap":{"0":{"type":"branch","line":1,"loc":{"start":{"line":1,"column":7},"end":{"line":12,"column":1}},"locations":[{"start":{"line":1,"column":7},"end":{"line":12,"column":1}}]},"1":{"type":"branch","line":7,"loc":{"start":{"line":7,"column":83},"end":{"line":9,"column":3}},"locations":[{"start":{"line":7,"column":83},"end":{"line":9,"column":3}}]}},"b":{"0":[6],"1":[1]},"fnMap":{"0":{"name":"validateMinAge","decl":{"start":{"line":1,"column":7},"end":{"line":12,"column":1}},"loc":{"start":{"line":1,"column":7},"end":{"line":12,"column":1}},"line":1}},"f":{"0":6}}
,"/home/hallan/github/hallancosta/woovi-challanger-kyc/src/lib/utils/validators/email.ts": {"path":"/home/hallan/github/hallancosta/woovi-challanger-kyc/src/lib/utils/validators/email.ts","all":false,"statementMap":{"0":{"start":{"line":1,"column":0},"end":{"line":1,"column":55}},"1":{"start":{"line":2,"column":0},"end":{"line":2,"column":49}},"2":{"start":{"line":3,"column":0},"end":{"line":3,"column":31}},"3":{"start":{"line":4,"column":0},"end":{"line":4,"column":1}}},"s":{"0":1,"1":10,"2":10,"3":10},"branchMap":{"0":{"type":"branch","line":1,"loc":{"start":{"line":1,"column":7},"end":{"line":4,"column":1}},"locations":[{"start":{"line":1,"column":7},"end":{"line":4,"column":1}}]}},"b":{"0":[10]},"fnMap":{"0":{"name":"validateEmail","decl":{"start":{"line":1,"column":7},"end":{"line":4,"column":1}},"loc":{"start":{"line":1,"column":7},"end":{"line":4,"column":1}},"line":1}},"f":{"0":10}}
,"/home/hallan/github/hallancosta/woovi-challanger-kyc/src/lib/utils/validators/file.ts": {"path":"/home/hallan/github/hallancosta/woovi-challanger-kyc/src/lib/utils/validators/file.ts","all":false,"statementMap":{"0":{"start":{"line":1,"column":0},"end":{"line":1,"column":85}},"1":{"start":{"line":2,"column":0},"end":{"line":2,"column":24}},"2":{"start":{"line":3,"column":0},"end":{"line":3,"column":45}},"3":{"start":{"line":4,"column":0},"end":{"line":4,"column":1}},"5":{"start":{"line":6,"column":0},"end":{"line":6,"column":95}},"6":{"start":{"line":7,"column":0},"end":{"line":7,"column":24}},"7":{"start":{"line":8,"column":0},"end":{"line":8,"column":41}},"8":{"start":{"line":9,"column":0},"end":{"line":9,"column":1}},"10":{"start":{"line":11,"column":0},"end":{"line":11,"column":66}},"11":{"start":{"line":12,"column":0},"end":{"line":12,"column":22}},"12":{"start":{"line":13,"column":0},"end":{"line":13,"column":1}},"14":{"start":{"line":15,"column":0},"end":{"line":15,"column":27}},"15":{"start":{"line":16,"column":0},"end":{"line":16,"column":47}},"16":{"start":{"line":17,"column":0},"end":{"line":17,"column":69}},"17":{"start":{"line":18,"column":0},"end":{"line":18,"column":1}}},"s":{"0":1,"1":4,"2":3,"3":3,"5":1,"6":4,"7":3,"8":3,"10":1,"11":2,"12":2,"14":1,"15":1,"16":1,"17":1},"branchMap":{"0":{"type":"branch","line":1,"loc":{"start":{"line":1,"column":7},"end":{"line":4,"column":1}},"locations":[{"start":{"line":1,"column":7},"end":{"line":4,"column":1}}]},"1":{"type":"branch","line":2,"loc":{"start":{"line":2,"column":13},"end":{"line":2,"column":24}},"locations":[{"start":{"line":2,"column":13},"end":{"line":2,"column":24}}]},"2":{"type":"branch","line":2,"loc":{"start":{"line":2,"column":20},"end":{"line":4,"column":1}},"locations":[{"start":{"line":2,"column":20},"end":{"line":4,"column":1}}]},"3":{"type":"branch","line":6,"loc":{"start":{"line":6,"column":7},"end":{"line":9,"column":1}},"locations":[{"start":{"line":6,"column":7},"end":{"line":9,"column":1}}]},"4":{"type":"branch","line":7,"loc":{"start":{"line":7,"column":13},"end":{"line":7,"column":24}},"locations":[{"start":{"line":7,"column":13},"end":{"line":7,"column":24}}]},"5":{"type":"branch","line":7,"loc":{"start":{"line":7,"column":20},"end":{"line":9,"column":1}},"locations":[{"start":{"line":7,"column":20},"end":{"line":9,"column":1}}]},"6":{"type":"branch","line":11,"loc":{"start":{"line":11,"column":7},"end":{"line":13,"column":1}},"locations":[{"start":{"line":11,"column":7},"end":{"line":13,"column":1}}]}},"b":{"0":[4],"1":[1],"2":[3],"3":[4],"4":[1],"5":[3],"6":[2]},"fnMap":{"0":{"name":"validateFileSize","decl":{"start":{"line":1,"column":7},"end":{"line":4,"column":1}},"loc":{"start":{"line":1,"column":7},"end":{"line":4,"column":1}},"line":1},"1":{"name":"validateFileType","decl":{"start":{"line":6,"column":7},"end":{"line":9,"column":1}},"loc":{"start":{"line":6,"column":7},"end":{"line":9,"column":1}},"line":6},"2":{"name":"validateFileRequired","decl":{"start":{"line":11,"column":7},"end":{"line":13,"column":1}},"loc":{"start":{"line":11,"column":7},"end":{"line":13,"column":1}},"line":11}},"f":{"0":4,"1":4,"2":2}}
,"/home/hallan/github/hallancosta/woovi-challanger-kyc/src/lib/utils/validators/fullName.ts": {"path":"/home/hallan/github/hallancosta/woovi-challanger-kyc/src/lib/utils/validators/fullName.ts","all":false,"statementMap":{"0":{"start":{"line":1,"column":0},"end":{"line":1,"column":57}},"1":{"start":{"line":2,"column":0},"end":{"line":2,"column":33}},"2":{"start":{"line":3,"column":0},"end":{"line":3,"column":42}},"4":{"start":{"line":5,"column":0},"end":{"line":5,"column":76}},"5":{"start":{"line":6,"column":0},"end":{"line":6,"column":40}},"7":{"start":{"line":8,"column":0},"end":{"line":8,"column":50}},"8":{"start":{"line":9,"column":0},"end":{"line":9,"column":1}}},"s":{"0":1,"1":10,"2":10,"4":7,"5":10,"7":6,"8":6},"branchMap":{"0":{"type":"branch","line":1,"loc":{"start":{"line":1,"column":7},"end":{"line":9,"column":1}},"locations":[{"start":{"line":1,"column":7},"end":{"line":9,"column":1}}]},"1":{"type":"branch","line":3,"loc":{"start":{"line":3,"column":30},"end":{"line":3,"column":42}},"locations":[{"start":{"line":3,"column":30},"end":{"line":3,"column":42}}]},"2":{"type":"branch","line":3,"loc":{"start":{"line":3,"column":37},"end":{"line":6,"column":35}},"locations":[{"start":{"line":3,"column":37},"end":{"line":6,"column":35}}]},"3":{"type":"branch","line":6,"loc":{"start":{"line":6,"column":28},"end":{"line":6,"column":40}},"locations":[{"start":{"line":6,"column":28},"end":{"line":6,"column":40}}]},"4":{"type":"branch","line":6,"loc":{"start":{"line":6,"column":35},"end":{"line":9,"column":1}},"locations":[{"start":{"line":6,"column":35},"end":{"line":9,"column":1}}]},"5":{"type":"branch","line":5,"loc":{"start":{"line":5,"column":52},"end":{"line":5,"column":75}},"locations":[{"start":{"line":5,"column":52},"end":{"line":5,"column":75}}]},"6":{"type":"branch","line":8,"loc":{"start":{"line":8,"column":25},"end":{"line":8,"column":49}},"locations":[{"start":{"line":8,"column":25},"end":{"line":8,"column":49}}]}},"b":{"0":[10],"1":[3],"2":[7],"3":[1],"4":[6],"5":[16],"6":[14]},"fnMap":{"0":{"name":"validateFullName","decl":{"start":{"line":1,"column":7},"end":{"line":9,"column":1}},"loc":{"start":{"line":1,"column":7},"end":{"line":9,"column":1}},"line":1}},"f":{"0":10}}
,"/home/hallan/github/hallancosta/woovi-challanger-kyc/src/lib/utils/validators/idType.ts": {"path":"/home/hallan/github/hallancosta/woovi-challanger-kyc/src/lib/utils/validators/idType.ts","all":false,"statementMap":{"0":{"start":{"line":1,"column":0},"end":{"line":1,"column":65}},"1":{"start":{"line":2,"column":0},"end":{"line":2,"column":22}},"2":{"start":{"line":3,"column":0},"end":{"line":3,"column":1}},"4":{"start":{"line":5,"column":0},"end":{"line":5,"column":86}},"5":{"start":{"line":6,"column":0},"end":{"line":6,"column":40}},"6":{"start":{"line":7,"column":0},"end":{"line":7,"column":31}},"7":{"start":{"line":8,"column":0},"end":{"line":8,"column":1}}},"s":{"0":1,"1":3,"2":3,"4":1,"5":5,"6":4,"7":4},"branchMap":{"0":{"type":"branch","line":1,"loc":{"start":{"line":1,"column":7},"end":{"line":3,"column":1}},"locations":[{"start":{"line":1,"column":7},"end":{"line":3,"column":1}}]},"1":{"type":"branch","line":5,"loc":{"start":{"line":5,"column":7},"end":{"line":8,"column":1}},"locations":[{"start":{"line":5,"column":7},"end":{"line":8,"column":1}}]},"2":{"type":"branch","line":6,"loc":{"start":{"line":6,"column":29},"end":{"line":6,"column":40}},"locations":[{"start":{"line":6,"column":29},"end":{"line":6,"column":40}}]},"3":{"type":"branch","line":6,"loc":{"start":{"line":6,"column":36},"end":{"line":8,"column":1}},"locations":[{"start":{"line":6,"column":36},"end":{"line":8,"column":1}}]}},"b":{"0":[3],"1":[5],"2":[1],"3":[4]},"fnMap":{"0":{"name":"validateIdTypeSelected","decl":{"start":{"line":1,"column":7},"end":{"line":3,"column":1}},"loc":{"start":{"line":1,"column":7},"end":{"line":3,"column":1}},"line":1},"1":{"name":"validateIdBackRequired","decl":{"start":{"line":5,"column":7},"end":{"line":8,"column":1}},"loc":{"start":{"line":5,"column":7},"end":{"line":8,"column":1}},"line":5}},"f":{"0":3,"1":5}}
,"/home/hallan/github/hallancosta/woovi-challanger-kyc/src/lib/utils/validators/index.ts": {"path":"/home/hallan/github/hallancosta/woovi-challanger-kyc/src/lib/utils/validators/index.ts","all":false,"statementMap":{"0":{"start":{"line":1,"column":0},"end":{"line":1,"column":21}},"1":{"start":{"line":2,"column":0},"end":{"line":2,"column":23}},"2":{"start":{"line":3,"column":0},"end":{"line":3,"column":26}},"3":{"start":{"line":4,"column":0},"end":{"line":4,"column":29}},"4":{"start":{"line":5,"column":0},"end":{"line":5,"column":23}},"5":{"start":{"line":6,"column":0},"end":{"line":6,"column":22}},"6":{"start":{"line":7,"column":0},"end":{"line":7,"column":24}},"7":{"start":{"line":8,"column":0},"end":{"line":8,"column":23}}},"s":{"0":1,"1":1,"2":1,"3":1,"4":1,"5":1,"6":1,"7":1},"branchMap":{},"b":{},"fnMap":{},"f":{}}
,"/home/hallan/github/hallancosta/woovi-challanger-kyc/src/lib/utils/validators/phone.ts": {"path":"/home/hallan/github/hallancosta/woovi-challanger-kyc/src/lib/utils/validators/phone.ts","all":false,"statementMap":{"0":{"start":{"line":1,"column":0},"end":{"line":1,"column":55}},"1":{"start":{"line":2,"column":0},"end":{"line":2,"column":19}},"2":{"start":{"line":3,"column":0},"end":{"line":3,"column":24}},"3":{"start":{"line":4,"column":0},"end":{"line":4,"column":16}},"4":{"start":{"line":5,"column":0},"end":{"line":5,"column":29}},"5":{"start":{"line":6,"column":0},"end":{"line":6,"column":13}},"6":{"start":{"line":7,"column":0},"end":{"line":7,"column":16}},"7":{"start":{"line":8,"column":0},"end":{"line":8,"column":20}},"8":{"start":{"line":9,"column":0},"end":{"line":9,"column":15}},"9":{"start":{"line":10,"column":0},"end":{"line":10,"column":14}},"10":{"start":{"line":11,"column":0},"end":{"line":11,"column":17}},"11":{"start":{"line":12,"column":0},"end":{"line":12,"column":1}},"13":{"start":{"line":14,"column":0},"end":{"line":14,"column":81}},"14":{"start":{"line":15,"column":0},"end":{"line":15,"column":52}},"16":{"start":{"line":17,"column":0},"end":{"line":17,"column":34}},"17":{"start":{"line":18,"column":0},"end":{"line":18,"column":16}},"18":{"start":{"line":19,"column":0},"end":{"line":19,"column":3}},"20":{"start":{"line":21,"column":0},"end":{"line":21,"column":39}},"21":{"start":{"line":22,"column":0},"end":{"line":22,"column":53}},"22":{"start":{"line":23,"column":0},"end":{"line":23,"column":51}},"23":{"start":{"line":24,"column":0},"end":{"line":24,"column":3}},"25":{"start":{"line":26,"column":0},"end":{"line":26,"column":31}},"26":{"start":{"line":27,"column":0},"end":{"line":27,"column":1}}},"s":{"0":1,"1":1,"2":1,"3":1,"4":1,"5":1,"6":1,"7":1,"8":1,"9":1,"10":1,"11":1,"13":1,"14":14,"16":14,"17":1,"18":1,"20":14,"21":10,"22":10,"23":10,"25":3,"26":3},"branchMap":{"0":{"type":"branch","line":14,"loc":{"start":{"line":14,"column":7},"end":{"line":27,"column":1}},"locations":[{"start":{"line":14,"column":7},"end":{"line":27,"column":1}}]},"1":{"type":"branch","line":17,"loc":{"start":{"line":17,"column":33},"end":{"line":19,"column":3}},"locations":[{"start":{"line":17,"column":33},"end":{"line":19,"column":3}}]},"2":{"type":"branch","line":19,"loc":{"start":{"line":19,"column":2},"end":{"line":21,"column":38}},"locations":[{"start":{"line":19,"column":2},"end":{"line":21,"column":38}}]},"3":{"type":"branch","line":21,"loc":{"start":{"line":21,"column":38},"end":{"line":24,"column":3}},"locations":[{"start":{"line":21,"column":38},"end":{"line":24,"column":3}}]},"4":{"type":"branch","line":24,"loc":{"start":{"line":24,"column":2},"end":{"line":27,"column":1}},"locations":[{"start":{"line":24,"column":2},"end":{"line":27,"column":1}}]}},"b":{"0":[14],"1":[1],"2":[13],"3":[10],"4":[3]},"fnMap":{"0":{"name":"validatePhoneByCountry","decl":{"start":{"line":14,"column":7},"end":{"line":27,"column":1}},"loc":{"start":{"line":14,"column":7},"end":{"line":27,"column":1}},"line":14}},"f":{"0":14}}
,"/home/hallan/github/hallancosta/woovi-challanger-kyc/src/lib/utils/validators/terms.ts": {"path":"/home/hallan/github/hallancosta/woovi-challanger-kyc/src/lib/utils/validators/terms.ts","all":false,"statementMap":{"0":{"start":{"line":1,"column":0},"end":{"line":1,"column":67}},"1":{"start":{"line":2,"column":0},"end":{"line":2,"column":26}},"2":{"start":{"line":3,"column":0},"end":{"line":3,"column":1}}},"s":{"0":1,"1":2,"2":2},"branchMap":{"0":{"type":"branch","line":1,"loc":{"start":{"line":1,"column":7},"end":{"line":3,"column":1}},"locations":[{"start":{"line":1,"column":7},"end":{"line":3,"column":1}}]}},"b":{"0":[2]},"fnMap":{"0":{"name":"validateTermsAccepted","decl":{"start":{"line":1,"column":7},"end":{"line":3,"column":1}},"loc":{"start":{"line":1,"column":7},"end":{"line":3,"column":1}},"line":1}},"f":{"0":2}}
}
